2025-07-22 13:15:23.571 [info] (Client) Pylance async client (2025.6.2) started with python extension (2025.10.1)
2025-07-22 13:15:26.377 [info] [Info  - 1:15:26 p. m.] (30246) Server root directory: file:///home/jesus/.vscode/extensions/ms-python.vscode-pylance-2025.6.2/dist
2025-07-22 13:15:26.378 [info] [Info  - 1:15:26 p. m.] (30246) Pylance language server 2025.6.2 (pyright version 1.1.402, commit 9496ae00) starting
2025-07-22 13:15:26.395 [info] [Info  - 1:15:26 p. m.] (30246) Starting service instance "portafolio" for workspace "/home/jesus/portafolio"
2025-07-22 13:15:26.553 [info] [Info  - 1:15:26 p. m.] (30246) Setting environmentName for service "portafolio": "3.12.3 (venv venv)"
2025-07-22 13:15:26.554 [info] [Info  - 1:15:26 p. m.] (30246) Setting pythonPath for service "portafolio": "/home/jesus/portafolio/venv/bin/python"
2025-07-22 13:15:26.555 [info] [Info  - 1:15:26 p. m.] (30246) No include entries specified; assuming /home/jesus/portafolio
2025-07-22 13:15:26.557 [info] [Info  - 1:15:26 p. m.] (30246) Auto-excluding **/node_modules
2025-07-22 13:15:26.558 [info] [Info  - 1:15:26 p. m.] (30246) Auto-excluding **/__pycache__
2025-07-22 13:15:26.558 [info] [Info  - 1:15:26 p. m.] (30246) Auto-excluding **/.*
2025-07-22 13:15:26.615 [info] [Info  - 1:15:26 p. m.] (30246) Assuming Python version 3.12.3.final.0
2025-07-22 13:15:27.018 [info] [Info  - 1:15:27 p. m.] (30246) Auto-excluding /home/jesus/portafolio/venv
2025-07-22 13:15:27.071 [info] [Info  - 1:15:27 p. m.] (30246) Found 15 source files
2025-07-22 13:15:27.170 [info] [Info  - 1:15:27 p. m.] (30246) Setting environmentName for service "portafolio": "3.12.3 (venv venv)"
2025-07-22 13:15:27.172 [info] [Info  - 1:15:27 p. m.] (30246) Setting pythonPath for service "portafolio": "/home/jesus/portafolio/venv/bin/python"
2025-07-22 13:15:27.174 [info] [Info  - 1:15:27 p. m.] (30246) No include entries specified; assuming /home/jesus/portafolio
2025-07-22 13:15:27.176 [info] [Info  - 1:15:27 p. m.] (30246) Auto-excluding **/node_modules
2025-07-22 13:15:27.177 [info] [Info  - 1:15:27 p. m.] (30246) Auto-excluding **/__pycache__
2025-07-22 13:15:27.178 [info] [Info  - 1:15:27 p. m.] (30246) Auto-excluding **/.*
2025-07-22 13:15:27.224 [info] [Info  - 1:15:27 p. m.] (30246) Assuming Python version 3.12.3.final.0
2025-07-22 13:15:27.566 [info] [Info  - 1:15:27 p. m.] (30246) Auto-excluding /home/jesus/portafolio/venv
2025-07-22 13:15:27.587 [info] [Info  - 1:15:27 p. m.] (30246) Found 15 source files
2025-07-22 13:15:28.583 [info] [Info  - 1:15:28 p. m.] (30246) BG: Priority queue background worker(2) root directory: file:///home/jesus/.vscode/extensions/ms-python.vscode-pylance-2025.6.2/dist
2025-07-22 13:15:28.590 [info] [Info  - 1:15:28 p. m.] (30246) BG: Priority queue background worker(2) started
