2025-07-21 18:35:25.980 [info] (Client) Pylance async client (2025.6.2) started with python extension (2025.10.1)
2025-07-21 18:35:27.344 [info] [Info  - 6:35:27 p. m.] (3998) Server root directory: file:///home/jesus/.vscode/extensions/ms-python.vscode-pylance-2025.6.2/dist
2025-07-21 18:35:27.346 [info] [Info  - 6:35:27 p. m.] (3998) Pylance language server 2025.6.2 (pyright version 1.1.402, commit 9496ae00) starting
2025-07-21 18:35:27.356 [info] [Info  - 6:35:27 p. m.] (3998) Starting service instance "portafolio" for workspace "/home/jesus/portafolio"
2025-07-21 18:35:27.454 [info] [Info  - 6:35:27 p. m.] (3998) Setting environmentName for service "portafolio": "3.12.3 (global)"
2025-07-21 18:35:27.454 [info] [Info  - 6:35:27 p. m.] (3998) Setting pythonPath for service "portafolio": "/usr/bin/python3"
2025-07-21 18:35:27.455 [info] [Info  - 6:35:27 p. m.] (3998) No include entries specified; assuming /home/jesus/portafolio
2025-07-21 18:35:27.455 [info] [Info  - 6:35:27 p. m.] (3998) Auto-excluding **/node_modules
2025-07-21 18:35:27.456 [info] [Info  - 6:35:27 p. m.] (3998) Auto-excluding **/__pycache__
2025-07-21 18:35:27.456 [info] [Info  - 6:35:27 p. m.] (3998) Auto-excluding **/.*
2025-07-21 18:35:27.491 [info] [Info  - 6:35:27 p. m.] (3998) Assuming Python version 3.12.3.final.0
2025-07-21 18:35:27.704 [info] [Info  - 6:35:27 p. m.] (3998) Found 13 source files
2025-07-21 18:35:27.770 [info] [Info  - 6:35:27 p. m.] (3998) Setting environmentName for service "portafolio": "3.12.3 (global)"
2025-07-21 18:35:27.779 [info] [Info  - 6:35:27 p. m.] (3998) Setting pythonPath for service "portafolio": "/usr/bin/python3"
2025-07-21 18:35:27.784 [info] [Info  - 6:35:27 p. m.] (3998) No include entries specified; assuming /home/jesus/portafolio
2025-07-21 18:35:27.786 [info] [Info  - 6:35:27 p. m.] (3998) Auto-excluding **/node_modules
2025-07-21 18:35:27.789 [info] [Info  - 6:35:27 p. m.] (3998) Auto-excluding **/__pycache__
2025-07-21 18:35:27.790 [info] [Info  - 6:35:27 p. m.] (3998) Auto-excluding **/.*
2025-07-21 18:35:27.808 [info] [Info  - 6:35:27 p. m.] (3998) Assuming Python version 3.12.3.final.0
2025-07-21 18:35:27.961 [info] [Info  - 6:35:27 p. m.] (3998) Found 13 source files
2025-07-21 18:35:29.305 [info] [Info  - 6:35:29 p. m.] (3998) BG: Priority queue background worker(2) root directory: file:///home/jesus/.vscode/extensions/ms-python.vscode-pylance-2025.6.2/dist
2025-07-21 18:35:29.307 [info] [Info  - 6:35:29 p. m.] (3998) BG: Priority queue background worker(2) started
2025-07-21 18:35:30.107 [info] [Info  - 6:35:30 p. m.] (3998) BG: Indexer background runner(3) root directory: file:///home/jesus/.vscode/extensions/ms-python.vscode-pylance-2025.6.2/dist (index)
2025-07-21 18:35:30.110 [info] [Info  - 6:35:30 p. m.] (3998) BG: Indexing(3) started
2025-07-21 18:35:32.127 [info] [Info  - 6:35:32 p. m.] (3998) BG: scanned(3) 136 files over 1 exec env
2025-07-21 18:35:34.002 [info] [Info  - 6:35:34 p. m.] (3998) BG: indexed(3) 136 files over 1 exec env
2025-07-21 18:35:34.057 [info] [Info  - 6:35:34 p. m.] (3998) BG: Indexing finished(3).
2025-07-21 18:37:22.452 [info] [Info  - 6:37:22 p. m.] (3998) Starting service instance "<default>" for workspace ""
2025-07-21 18:37:22.501 [info] [Info  - 6:37:22 p. m.] (3998) Setting environmentName for service "<default>": "3.12.3 (global)"
2025-07-21 18:37:22.501 [info] [Info  - 6:37:22 p. m.] (3998) Setting pythonPath for service "<default>": "/usr/bin/python3"
2025-07-21 18:37:22.501 [info] [Info  - 6:37:22 p. m.] (3998) No include entries specified; assuming /<default workspace root>
2025-07-21 18:37:22.501 [info] [Info  - 6:37:22 p. m.] (3998) Auto-excluding **/node_modules
2025-07-21 18:37:22.502 [info] [Info  - 6:37:22 p. m.] (3998) Auto-excluding **/__pycache__
2025-07-21 18:37:22.502 [info] [Info  - 6:37:22 p. m.] (3998) Auto-excluding **/.*
2025-07-21 18:37:22.539 [info] [Info  - 6:37:22 p. m.] (3998) Assuming Python version 3.12.3.final.0
2025-07-21 18:37:22.643 [info] [Error - 6:37:22 p. m.] (3998) File or directory "/<default workspace root>" does not exist.
2025-07-21 18:37:22.643 [info] [Info  - 6:37:22 p. m.] (3998) No source files found.
2025-07-21 18:37:23.509 [info] [Info  - 6:37:23 p. m.] (3998) BG: Priority queue background worker(5) root directory: file:///home/jesus/.vscode/extensions/ms-python.vscode-pylance-2025.6.2/dist
2025-07-21 18:37:23.512 [info] [Info  - 6:37:23 p. m.] (3998) BG: Priority queue background worker(5) started
2025-07-21 19:17:08.560 [info] [Info  - 7:17:08 p. m.] (3998) Found 14 source files
2025-07-21 19:30:02.760 [info] [Info  - 7:30:02 p. m.] (3998) Found 14 source files
2025-07-21 19:31:55.700 [info] [Info  - 7:31:55 p. m.] (3998) Found 14 source files
