0 verbose cli /home/jesus/.nvm/versions/node/v22.17.1/bin/node /home/jesus/.nvm/versions/node/v22.17.1/bin/npm
1 info using npm@10.9.2
2 info using node@v22.17.1
3 silly config load:file:/home/jesus/.nvm/versions/node/v22.17.1/lib/node_modules/npm/npmrc
4 silly config load:file:/home/jesus/astro_portfolio/.npmrc
5 silly config load:file:/home/jesus/.npmrc
6 silly config load:file:/home/jesus/.nvm/versions/node/v22.17.1/etc/npmrc
7 verbose title npm list aos
8 verbose argv "list" "aos"
9 verbose logfile logs-max:10 dir:/home/jesus/.npm/_logs/2025-07-16T17_57_50_542Z-
10 verbose logfile /home/jesus/.npm/_logs/2025-07-16T17_57_50_542Z-debug-0.log
11 silly logfile start cleaning logs, removing 1 files
12 silly logfile done cleaning log files
13 silly packumentCache heap:2197815296 maxSize:549453824 maxEntrySize:274726912
14 verbose cwd /home/jesus/astro_portfolio
15 verbose os Linux 6.8.0-63-generic
16 verbose node v22.17.1
17 verbose npm  v10.9.2
18 verbose exit 0
19 info ok
