0 verbose cli /home/jesus/.nvm/versions/node/v22.17.1/bin/node /home/jesus/.nvm/versions/node/v22.17.1/bin/npm
1 info using npm@10.9.2
2 info using node@v22.17.1
3 silly config load:file:/home/jesus/.nvm/versions/node/v22.17.1/lib/node_modules/npm/npmrc
4 silly config load:file:/home/jesus/.npmrc
5 silly config load:file:/home/jesus/.nvm/versions/node/v22.17.1/etc/npmrc
6 verbose title npm run dev
7 verbose argv "run" "dev"
8 verbose logfile logs-max:10 dir:/home/jesus/.npm/_logs/2025-07-16T18_04_24_526Z-
9 verbose logfile /home/jesus/.npm/_logs/2025-07-16T18_04_24_526Z-debug-0.log
10 silly logfile start cleaning logs, removing 1 files
11 verbose stack Error: Could not read package.json: Error: ENOENT: no such file or directory, open '/home/jesus/package.json'
11 verbose stack     at async open (node:internal/fs/promises:639:25)
11 verbose stack     at async readFile (node:internal/fs/promises:1243:14)
11 verbose stack     at async read (/home/jesus/.nvm/versions/node/v22.17.1/lib/node_modules/npm/node_modules/@npmcli/package-json/lib/read-package.js:9:18)
11 verbose stack     at async PackageJson.load (/home/jesus/.nvm/versions/node/v22.17.1/lib/node_modules/npm/node_modules/@npmcli/package-json/lib/index.js:131:31)
11 verbose stack     at async PackageJson.normalize (/home/jesus/.nvm/versions/node/v22.17.1/lib/node_modules/npm/node_modules/@npmcli/package-json/lib/index.js:117:5)
11 verbose stack     at async #run (/home/jesus/.nvm/versions/node/v22.17.1/lib/node_modules/npm/lib/commands/run-script.js:86:13)
11 verbose stack     at async RunScript.exec (/home/jesus/.nvm/versions/node/v22.17.1/lib/node_modules/npm/lib/commands/run-script.js:40:7)
11 verbose stack     at async Npm.exec (/home/jesus/.nvm/versions/node/v22.17.1/lib/node_modules/npm/lib/npm.js:207:9)
11 verbose stack     at async module.exports (/home/jesus/.nvm/versions/node/v22.17.1/lib/node_modules/npm/lib/cli/entry.js:74:5)
12 error code ENOENT
13 error syscall open
14 error path /home/jesus/package.json
15 error errno -2
16 error enoent Could not read package.json: Error: ENOENT: no such file or directory, open '/home/jesus/package.json'
17 error enoent This is related to npm not being able to find a file.
17 error enoent
18 verbose cwd /home/jesus
19 verbose os Linux 6.8.0-63-generic
20 verbose node v22.17.1
21 verbose npm  v10.9.2
22 verbose exit -2
23 verbose code -2
24 error A complete log of this run can be found in: /home/jesus/.npm/_logs/2025-07-16T18_04_24_526Z-debug-0.log
