0 verbose cli /home/jesus/.nvm/versions/node/v22.17.1/bin/node /home/jesus/.nvm/versions/node/v22.17.1/bin/npm
1 info using npm@10.9.2
2 info using node@v22.17.1
3 silly config load:file:/home/jesus/.nvm/versions/node/v22.17.1/lib/node_modules/npm/npmrc
4 silly config load:file:/home/jesus/.cache/typescript/5.8/.npmrc
5 silly config load:file:/home/jesus/.npmrc
6 silly config load:file:/home/jesus/.nvm/versions/node/v22.17.1/etc/npmrc
7 verbose title npm install @types/react@ts5.8
8 verbose argv "install" "--ignore-scripts" "@types/react@ts5.8" "--save-dev" "--user-agent" "typesInstaller/5.8.3"
9 verbose logfile logs-max:10 dir:/home/jesus/.npm/_logs/2025-07-22T11_44_01_760Z-
10 verbose logfile /home/jesus/.npm/_logs/2025-07-22T11_44_01_760Z-debug-0.log
11 silly logfile start cleaning logs, removing 1 files
12 silly packumentCache heap:2197815296 maxSize:549453824 maxEntrySize:274726912
13 silly logfile done cleaning log files
14 silly packumentCache corgi:https://registry.npmjs.org/@types%2freact cache-miss
15 http fetch GET 200 https://registry.npmjs.org/@types%2freact 348ms (cache revalidated)
16 silly packumentCache corgi:https://registry.npmjs.org/@types%2freact set size:635368 disposed:false
17 silly idealTree buildDeps
18 silly fetch manifest @types/react@19.1.8
19 silly packumentCache full:https://registry.npmjs.org/@types%2freact cache-miss
20 http fetch GET 200 https://registry.npmjs.org/@types%2freact 166ms (cache miss)
21 silly packumentCache full:https://registry.npmjs.org/@types%2freact set size:undefined disposed:false
22 silly placeDep ROOT @types/react@19.1.8 OK for:  want: 19.1.8
23 silly fetch manifest csstype@^3.0.2
24 silly packumentCache full:https://registry.npmjs.org/csstype cache-miss
25 http fetch GET 200 https://registry.npmjs.org/csstype 95ms (cache miss)
26 silly packumentCache full:https://registry.npmjs.org/csstype set size:undefined disposed:false
27 silly placeDep ROOT csstype@3.1.3 OK for: @types/react@19.1.8 want: ^3.0.2
28 silly reify moves {}
29 silly audit bulk request {
29 silly audit   'types-registry': [ '0.1.730' ],
29 silly audit   '@types/react': [ '19.1.8' ],
29 silly audit   csstype: [ '3.1.3' ]
29 silly audit }
30 http cache csstype@https://registry.npmjs.org/csstype/-/csstype-3.1.3.tgz 0ms (cache hit)
31 http cache @types/react@https://registry.npmjs.org/@types/react/-/react-19.1.8.tgz 0ms (cache hit)
32 silly tarball no local data for @types/react@https://registry.npmjs.org/@types/react/-/react-19.1.8.tgz. Extracting by manifest.
33 silly tarball no local data for csstype@https://registry.npmjs.org/csstype/-/csstype-3.1.3.tgz. Extracting by manifest.
34 http fetch POST 200 https://registry.npmjs.org/-/npm/v1/security/advisories/bulk 179ms
35 silly audit report {}
36 http fetch GET 200 https://registry.npmjs.org/csstype/-/csstype-3.1.3.tgz 189ms (cache miss)
37 http fetch GET 200 https://registry.npmjs.org/@types/react/-/react-19.1.8.tgz 312ms (cache miss)
38 silly ADD node_modules/csstype
39 silly ADD node_modules/@types/react
40 verbose cwd /home/jesus/.cache/typescript/5.8
41 verbose os Linux 6.8.0-63-generic
42 verbose node v22.17.1
43 verbose npm  v10.9.2
44 verbose exit 0
45 info ok
