0 verbose cli /home/jesus/.nvm/versions/node/v22.17.1/bin/node /home/jesus/.nvm/versions/node/v22.17.1/bin/npm
1 info using npm@10.9.2
2 info using node@v22.17.1
3 silly config load:file:/home/jesus/.nvm/versions/node/v22.17.1/lib/node_modules/npm/npmrc
4 silly config load:file:/home/jesus/.cache/typescript/5.8/.npmrc
5 silly config load:file:/home/jesus/.npmrc
6 silly config load:file:/home/jesus/.nvm/versions/node/v22.17.1/etc/npmrc
7 verbose title npm install types-registry@latest
8 verbose argv "install" "--ignore-scripts" "types-registry@latest"
9 verbose logfile logs-max:10 dir:/home/jesus/.npm/_logs/2025-07-22T11_43_59_918Z-
10 verbose logfile /home/jesus/.npm/_logs/2025-07-22T11_43_59_918Z-debug-0.log
11 silly logfile start cleaning logs, removing 1 files
12 silly logfile done cleaning log files
13 silly packumentCache heap:2197815296 maxSize:549453824 maxEntrySize:274726912
14 silly packumentCache corgi:https://registry.npmjs.org/types-registry cache-miss
15 http fetch GET 200 https://registry.npmjs.org/types-registry 306ms (cache miss)
16 silly packumentCache corgi:https://registry.npmjs.org/types-registry set size:undefined disposed:false
17 silly idealTree buildDeps
18 silly fetch manifest types-registry@0.1.730
19 silly packumentCache full:https://registry.npmjs.org/types-registry cache-miss
20 http fetch GET 200 https://registry.npmjs.org/types-registry 80ms (cache miss)
21 silly packumentCache full:https://registry.npmjs.org/types-registry set size:undefined disposed:false
22 silly placeDep ROOT types-registry@0.1.730 OK for:  want: 0.1.730
23 silly reify moves {}
24 silly audit bulk request { 'types-registry': [ '0.1.730' ] }
25 http cache types-registry@https://registry.npmjs.org/types-registry/-/types-registry-0.1.730.tgz 0ms (cache hit)
26 silly tarball no local data for types-registry@https://registry.npmjs.org/types-registry/-/types-registry-0.1.730.tgz. Extracting by manifest.
27 http fetch GET 200 https://registry.npmjs.org/types-registry/-/types-registry-0.1.730.tgz 177ms (cache miss)
28 http fetch POST 200 https://registry.npmjs.org/-/npm/v1/security/advisories/bulk 280ms
29 silly audit report {}
30 silly ADD node_modules/types-registry
31 verbose cwd /home/jesus/.cache/typescript/5.8
32 verbose os Linux 6.8.0-63-generic
33 verbose node v22.17.1
34 verbose npm  v10.9.2
35 verbose exit 0
36 info ok
