2025-07-16 11:33:29.551 [info] Extension host with pid 11670 started
2025-07-16 11:33:29.551 [info] Skipping acquiring lock for /home/jesus/.config/Code/User/workspaceStorage/8947c59a7190909330f4259d8c0a18de.
2025-07-16 11:33:29.679 [info] ExtensionService#_doActivateExtension vscode.github-authentication, startup: false, activationEvent: 'onAuthenticationRequest:github'
2025-07-16 11:33:29.731 [info] ExtensionService#_doActivateExtension vscode.emmet, startup: false, activationEvent: 'onLanguage'
2025-07-16 11:33:29.773 [info] ExtensionService#_doActivateExtension vscode.html-language-features, startup: false, activationEvent: 'onLanguage:html'
2025-07-16 11:33:30.603 [info] ExtensionService#_doActivateExtension vscode.git-base, startup: true, activationEvent: '*', root cause: vscode.git
2025-07-16 11:33:30.614 [info] ExtensionService#_doActivateExtension ms-python.python, startup: true, activationEvent: 'workspaceContains:manage.py'
2025-07-16 11:33:31.183 [info] ExtensionService#_doActivateExtension vscode.git, startup: true, activationEvent: '*'
2025-07-16 11:33:31.303 [info] ExtensionService#_doActivateExtension vscode.github, startup: true, activationEvent: '*'
2025-07-16 11:33:31.885 [info] Eager extensions activated
2025-07-16 11:33:32.061 [info] ExtensionService#_doActivateExtension vscode.debug-auto-launch, startup: false, activationEvent: 'onStartupFinished'
2025-07-16 11:33:32.075 [info] ExtensionService#_doActivateExtension vscode.merge-conflict, startup: false, activationEvent: 'onStartupFinished'
2025-07-16 11:33:32.405 [info] ExtensionService#_doActivateExtension ms-python.vscode-pylance, startup: false, activationEvent: 'api', root cause: ms-python.python
2025-07-16 11:36:21.249 [info] Extension host terminating: renderer closed the MessagePort
2025-07-16 11:36:21.294 [info] Extension host with pid 11670 exiting with code 0
2025-07-16 11:36:23.098 [info] Extension host with pid 12070 started
2025-07-16 11:36:23.098 [info] Skipping acquiring lock for /home/jesus/.config/Code/User/workspaceStorage/9a0c6fa180e4ad0d2dc4753579b4e475.
2025-07-16 11:36:23.116 [info] ExtensionService#_doActivateExtension vscode.github-authentication, startup: false, activationEvent: 'onAuthenticationRequest:github'
2025-07-16 11:36:23.275 [info] ExtensionService#_doActivateExtension vscode.git-base, startup: true, activationEvent: '*'
2025-07-16 11:36:23.324 [info] ExtensionService#_doActivateExtension vscode.github, startup: true, activationEvent: '*'
2025-07-16 11:36:23.448 [info] Eager extensions activated
2025-07-16 11:36:23.480 [info] ExtensionService#_doActivateExtension vscode.debug-auto-launch, startup: false, activationEvent: 'onStartupFinished'
2025-07-16 11:36:23.483 [info] ExtensionService#_doActivateExtension vscode.merge-conflict, startup: false, activationEvent: 'onStartupFinished'
2025-07-16 11:36:25.879 [info] ExtensionService#_doActivateExtension vscode.git, startup: false, activationEvent: 'api', root cause: vscode.github
2025-07-16 11:36:58.610 [info] ExtensionService#_doActivateExtension vscode.emmet, startup: false, activationEvent: 'onLanguage'
2025-07-16 11:38:28.347 [info] ExtensionService#_doActivateExtension astro-build.astro-vscode, startup: false, activationEvent: 'onLanguage:astro'
2025-07-16 11:53:18.503 [info] ExtensionService#_doActivateExtension vscode.typescript-language-features, startup: false, activationEvent: 'onLanguage:javascript'
2025-07-16 11:53:42.903 [info] Extension host terminating: renderer closed the MessagePort
2025-07-16 11:53:42.943 [info] Extension host with pid 12070 exiting with code 0
