2025-07-22 05:55:26.295 [info] update#setState idle
2025-07-22 05:55:56.302 [info] update#setState checking for updates
2025-07-22 05:55:56.446 [info] update#setState available for download
2025-07-22 06:07:34.376 [warning] No ptyHost heartbeat after 6 seconds
2025-07-22 06:07:51.256 [warning] No ptyHost heartbeat after 6 seconds
2025-07-22 06:08:03.067 [warning] No ptyHost heartbeat after 6 seconds
2025-07-22 06:08:30.729 [warning] No ptyHost heartbeat after 6 seconds
2025-07-22 06:08:54.911 [warning] No ptyHost heartbeat after 6 seconds
2025-07-22 06:09:44.081 [warning] No ptyHost heartbeat after 6 seconds
2025-07-22 06:09:56.935 [warning] No ptyHost heartbeat after 6 seconds
2025-07-22 06:11:26.310 [warning] No ptyHost heartbeat after 6 seconds
2025-07-22 06:12:13.993 [warning] No ptyHost heartbeat after 6 seconds
2025-07-22 06:13:10.361 [warning] No ptyHost heartbeat after 6 seconds
2025-07-22 06:14:28.821 [warning] No ptyHost heartbeat after 6 seconds
2025-07-22 06:15:11.683 [warning] No ptyHost heartbeat after 6 seconds
2025-07-22 06:15:55.162 [warning] No ptyHost heartbeat after 6 seconds
2025-07-22 06:16:07.347 [warning] No ptyHost heartbeat after 6 seconds
2025-07-22 06:16:34.362 [warning] No ptyHost heartbeat after 6 seconds
2025-07-22 06:16:50.945 [warning] No ptyHost heartbeat after 6 seconds
2025-07-22 06:16:58.488 [warning] No ptyHost heartbeat after 6 seconds
2025-07-22 06:17:20.211 [warning] No ptyHost heartbeat after 6 seconds
2025-07-22 06:17:48.133 [warning] No ptyHost heartbeat after 6 seconds
2025-07-22 06:17:54.145 [warning] No ptyHost heartbeat after 6 seconds
2025-07-22 06:19:13.609 [warning] No ptyHost heartbeat after 6 seconds
2025-07-22 06:20:08.742 [warning] No ptyHost heartbeat after 6 seconds
2025-07-22 06:20:57.509 [warning] No ptyHost heartbeat after 6 seconds
2025-07-22 06:21:24.970 [warning] No ptyHost heartbeat after 6 seconds
2025-07-22 06:21:35.237 [warning] No ptyHost heartbeat after 6 seconds
2025-07-22 06:22:39.790 [warning] No ptyHost heartbeat after 6 seconds
2025-07-22 06:23:27.051 [warning] No ptyHost heartbeat after 6 seconds
2025-07-22 06:23:50.922 [warning] No ptyHost heartbeat after 6 seconds
2025-07-22 06:24:13.614 [warning] No ptyHost heartbeat after 6 seconds
2025-07-22 06:25:01.877 [warning] No ptyHost heartbeat after 6 seconds
2025-07-22 06:26:14.849 [warning] No ptyHost heartbeat after 6 seconds
2025-07-22 06:27:03.922 [warning] No ptyHost heartbeat after 6 seconds
2025-07-22 06:27:10.191 [warning] No ptyHost heartbeat after 6 seconds
2025-07-22 06:27:49.129 [warning] No ptyHost heartbeat after 6 seconds
2025-07-22 06:28:05.558 [warning] No ptyHost heartbeat after 6 seconds
2025-07-22 06:28:12.370 [warning] No ptyHost heartbeat after 6 seconds
2025-07-22 06:28:19.610 [warning] No ptyHost heartbeat after 6 seconds
2025-07-22 06:28:51.962 [warning] No ptyHost heartbeat after 6 seconds
2025-07-22 06:29:03.632 [warning] No ptyHost heartbeat after 6 seconds
2025-07-22 06:29:15.732 [warning] No ptyHost heartbeat after 6 seconds
2025-07-22 06:29:43.430 [warning] No ptyHost heartbeat after 6 seconds
2025-07-22 06:29:54.871 [warning] No ptyHost heartbeat after 6 seconds
2025-07-22 06:30:06.980 [warning] No ptyHost heartbeat after 6 seconds
2025-07-22 06:30:18.404 [warning] No ptyHost heartbeat after 6 seconds
2025-07-22 06:30:31.265 [warning] No ptyHost heartbeat after 6 seconds
2025-07-22 06:31:16.878 [warning] No ptyHost heartbeat after 6 seconds
2025-07-22 06:31:45.476 [warning] No ptyHost heartbeat after 6 seconds
2025-07-22 06:32:09.531 [warning] No ptyHost heartbeat after 6 seconds
2025-07-22 07:19:00.024 [warning] No ptyHost heartbeat after 6 seconds
2025-07-22 07:24:48.070 [warning] No ptyHost heartbeat after 6 seconds
2025-07-22 07:25:04.221 [warning] No ptyHost heartbeat after 6 seconds
2025-07-22 07:25:16.722 [warning] No ptyHost heartbeat after 6 seconds
2025-07-22 07:26:02.433 [warning] No ptyHost heartbeat after 6 seconds
2025-07-22 08:07:17.778 [warning] No ptyHost heartbeat after 6 seconds
2025-07-22 08:09:42.074 [warning] No ptyHost heartbeat after 6 seconds
2025-07-22 09:22:18.292 [info] Extension host with pid 3054 exited with code: 0, signal: unknown.
