2025-07-22 09:22:32.940 [info] Reading sessions from keychain...
2025-07-22 09:22:32.940 [info] Getting sessions for all scopes...
2025-07-22 09:22:32.940 [info] Got stored sessions!
2025-07-22 09:22:32.940 [info] Got 1 verified sessions.
2025-07-22 09:22:32.940 [info] Got 1 sessions for ...
2025-07-22 09:22:32.940 [info] Getting sessions for all scopes...
2025-07-22 09:22:32.940 [info] Got 1 sessions for ...
2025-07-22 09:22:32.940 [info] Getting sessions for all scopes...
2025-07-22 09:22:32.940 [info] Got 1 sessions for ...
2025-07-22 09:22:32.940 [info] Getting sessions for all scopes...
2025-07-22 09:22:32.940 [info] Got 1 sessions for ...
2025-07-22 09:22:32.940 [info] Getting sessions for all scopes...
2025-07-22 09:22:32.940 [info] Got 1 sessions for ...
2025-07-22 09:22:32.940 [info] Getting sessions for all scopes...
2025-07-22 09:22:32.940 [info] Got 1 sessions for ...
2025-07-22 09:22:32.940 [info] Getting sessions for all scopes...
2025-07-22 09:22:32.940 [info] Got 1 sessions for ...
2025-07-22 09:22:32.940 [info] Getting sessions for all scopes...
2025-07-22 09:22:32.940 [info] Got 1 sessions for ...
2025-07-22 09:22:32.940 [info] Getting sessions for all scopes...
2025-07-22 09:22:32.940 [info] Got 1 sessions for ...
2025-07-22 09:22:32.940 [info] Getting sessions for all scopes...
2025-07-22 09:22:32.940 [info] Got 1 sessions for ...
2025-07-22 09:22:32.940 [info] Getting sessions for all scopes...
2025-07-22 09:22:32.940 [info] Got 1 sessions for ...
2025-07-22 09:22:32.940 [info] Getting sessions for all scopes...
2025-07-22 09:22:32.940 [info] Got 1 sessions for ...
2025-07-22 09:22:32.940 [info] Getting sessions for all scopes...
2025-07-22 09:22:32.940 [info] Got 1 sessions for ...
2025-07-22 09:22:32.940 [info] Getting sessions for all scopes...
2025-07-22 09:22:32.940 [info] Got 1 sessions for ...
2025-07-22 09:22:32.940 [info] Getting sessions for all scopes...
2025-07-22 09:22:32.940 [info] Got 1 sessions for ...
2025-07-22 09:22:32.940 [info] Getting sessions for read:user,repo,user:email,workflow...
2025-07-22 09:22:32.940 [info] Got 0 sessions for read:user,repo,user:email,workflow...
2025-07-22 09:22:37.236 [info] Getting sessions for all scopes...
2025-07-22 09:22:37.237 [info] Got 1 sessions for ...
2025-07-22 09:22:37.281 [info] Getting sessions for all scopes...
2025-07-22 09:22:37.281 [info] Got 1 sessions for ...
2025-07-22 09:22:37.309 [info] Getting sessions for all scopes...
2025-07-22 09:22:37.309 [info] Got 1 sessions for ...
2025-07-22 09:22:37.310 [info] Getting sessions for all scopes...
2025-07-22 09:22:37.310 [info] Got 1 sessions for ...
2025-07-22 09:22:37.311 [info] Getting sessions for all scopes...
2025-07-22 09:22:37.311 [info] Got 1 sessions for ...
2025-07-22 09:22:37.354 [info] Getting sessions for user:email...
2025-07-22 09:22:37.354 [info] Got 1 sessions for user:email...
2025-07-22 09:22:37.354 [info] Getting sessions for read:user,repo,user:email,workflow...
2025-07-22 09:22:37.354 [info] Got 0 sessions for read:user,repo,user:email,workflow...
2025-07-22 09:22:37.804 [info] Getting sessions for all scopes...
2025-07-22 09:22:37.804 [info] Got 1 sessions for ...
2025-07-22 09:22:38.278 [info] Getting sessions for all scopes...
2025-07-22 09:22:38.278 [info] Got 1 sessions for ...
2025-07-22 09:22:38.334 [info] Getting sessions for all scopes...
2025-07-22 09:22:38.334 [info] Got 1 sessions for ...
2025-07-22 09:22:38.371 [info] Getting sessions for all scopes...
2025-07-22 09:22:38.371 [info] Got 1 sessions for ...
2025-07-22 09:22:38.371 [info] Getting sessions for read:user,repo,user:email,workflow...
2025-07-22 09:22:38.371 [info] Got 0 sessions for read:user,repo,user:email,workflow...
2025-07-22 09:22:38.408 [info] Getting sessions for read:user,repo,user:email,workflow...
2025-07-22 09:22:38.408 [info] Got 0 sessions for read:user,repo,user:email,workflow...
2025-07-22 09:22:38.481 [info] Getting sessions for read:user...
2025-07-22 09:22:38.481 [info] Got 0 sessions for read:user...
2025-07-22 09:22:38.485 [info] Getting sessions for user:email...
2025-07-22 09:22:38.485 [info] Got 1 sessions for user:email...
2025-07-22 09:22:38.494 [info] Getting sessions for user:email...
2025-07-22 09:22:38.494 [info] Got 1 sessions for user:email...
2025-07-22 09:22:39.764 [info] Getting sessions for all scopes...
2025-07-22 09:22:39.764 [info] Got 1 sessions for ...
2025-07-22 09:22:39.764 [info] Getting sessions for all scopes...
2025-07-22 09:22:39.764 [info] Got 1 sessions for ...
2025-07-22 09:22:39.785 [info] Getting sessions for read:user,repo,user:email,workflow...
2025-07-22 09:22:39.786 [info] Got 0 sessions for read:user,repo,user:email,workflow...
2025-07-22 09:22:39.789 [info] Getting sessions for user:email...
2025-07-22 09:22:39.789 [info] Got 1 sessions for user:email...
2025-07-22 09:22:39.789 [info] Getting sessions for read:user,repo,user:email,workflow...
2025-07-22 09:22:39.789 [info] Got 0 sessions for read:user,repo,user:email,workflow...
2025-07-22 09:22:39.793 [info] Getting sessions for all scopes...
2025-07-22 09:22:39.794 [info] Got 1 sessions for ...
2025-07-22 09:22:39.806 [info] Getting sessions for read:user,repo,user:email,workflow...
2025-07-22 09:22:39.806 [info] Got 0 sessions for read:user,repo,user:email,workflow...
2025-07-22 09:22:39.809 [info] Getting sessions for user:email...
2025-07-22 09:22:39.809 [info] Got 1 sessions for user:email...
2025-07-22 09:22:40.037 [info] Getting sessions for all scopes...
2025-07-22 09:22:40.037 [info] Got 1 sessions for ...
2025-07-22 09:22:40.037 [info] Getting sessions for all scopes...
2025-07-22 09:22:40.037 [info] Got 1 sessions for ...
2025-07-22 09:22:40.047 [info] Getting sessions for read:user,repo,user:email,workflow...
2025-07-22 09:22:40.047 [info] Got 0 sessions for read:user,repo,user:email,workflow...
2025-07-22 09:22:40.049 [info] Getting sessions for user:email...
2025-07-22 09:22:40.049 [info] Got 1 sessions for user:email...
2025-07-22 09:22:40.050 [info] Getting sessions for read:user,repo,user:email,workflow...
2025-07-22 09:22:40.050 [info] Got 0 sessions for read:user,repo,user:email,workflow...
2025-07-22 09:22:40.057 [info] Getting sessions for all scopes...
2025-07-22 09:22:40.057 [info] Got 1 sessions for ...
2025-07-22 09:22:40.060 [info] Getting sessions for all scopes...
2025-07-22 09:22:40.060 [info] Got 1 sessions for ...
2025-07-22 09:22:40.061 [info] Getting sessions for all scopes...
2025-07-22 09:22:40.061 [info] Got 1 sessions for ...
2025-07-22 09:22:40.117 [info] Getting sessions for read:user,repo,user:email,workflow...
2025-07-22 09:22:40.117 [info] Got 0 sessions for read:user,repo,user:email,workflow...
2025-07-22 09:22:40.125 [info] Getting sessions for user:email...
2025-07-22 09:22:40.125 [info] Got 1 sessions for user:email...
2025-07-22 09:22:41.007 [info] Getting sessions for all scopes...
2025-07-22 09:22:41.007 [info] Got 1 sessions for ...
2025-07-22 09:22:41.470 [info] Getting sessions for all scopes...
2025-07-22 09:22:41.470 [info] Got 1 sessions for ...
2025-07-22 09:22:41.475 [info] Getting sessions for read:user,repo,user:email,workflow...
2025-07-22 09:22:41.475 [info] Got 0 sessions for read:user,repo,user:email,workflow...
2025-07-22 09:22:41.480 [info] Getting sessions for user:email...
2025-07-22 09:22:41.480 [info] Got 1 sessions for user:email...
2025-07-22 09:37:41.491 [info] Getting sessions for all scopes...
2025-07-22 09:37:41.492 [info] Got 1 sessions for ...
2025-07-22 09:37:41.498 [info] Getting sessions for read:user,repo,user:email,workflow...
2025-07-22 09:37:41.498 [info] Got 0 sessions for read:user,repo,user:email,workflow...
2025-07-22 09:37:41.499 [info] Getting sessions for user:email...
2025-07-22 09:37:41.499 [info] Got 1 sessions for user:email...
2025-07-22 09:37:41.509 [info] Getting sessions for all scopes...
2025-07-22 09:37:41.509 [info] Got 1 sessions for ...
2025-07-22 09:37:41.515 [info] Getting sessions for read:user,repo,user:email,workflow...
2025-07-22 09:37:41.515 [info] Got 0 sessions for read:user,repo,user:email,workflow...
2025-07-22 09:37:41.521 [info] Getting sessions for user:email...
2025-07-22 09:37:41.521 [info] Got 1 sessions for user:email...
2025-07-22 09:52:41.989 [info] Getting sessions for all scopes...
2025-07-22 09:52:41.999 [info] Got 1 sessions for ...
2025-07-22 09:52:42.002 [info] Getting sessions for read:user,repo,user:email,workflow...
2025-07-22 09:52:42.002 [info] Got 0 sessions for read:user,repo,user:email,workflow...
2025-07-22 09:52:42.005 [info] Getting sessions for user:email...
2025-07-22 09:52:42.005 [info] Got 1 sessions for user:email...
2025-07-22 09:52:42.008 [info] Getting sessions for all scopes...
2025-07-22 09:52:42.008 [info] Got 1 sessions for ...
2025-07-22 09:52:42.012 [info] Getting sessions for read:user,repo,user:email,workflow...
2025-07-22 09:52:42.012 [info] Got 0 sessions for read:user,repo,user:email,workflow...
2025-07-22 09:52:42.013 [info] Getting sessions for user:email...
2025-07-22 09:52:42.013 [info] Got 1 sessions for user:email...
2025-07-22 09:52:42.845 [info] Getting sessions for all scopes...
2025-07-22 09:52:42.845 [info] Got 1 sessions for ...
2025-07-22 09:52:42.845 [info] Getting sessions for all scopes...
2025-07-22 09:52:42.845 [info] Got 1 sessions for ...
2025-07-22 09:52:42.848 [info] Getting sessions for read:user,repo,user:email,workflow...
2025-07-22 09:52:42.848 [info] Got 0 sessions for read:user,repo,user:email,workflow...
2025-07-22 09:52:42.849 [info] Getting sessions for user:email...
2025-07-22 09:52:42.849 [info] Got 1 sessions for user:email...
2025-07-22 09:52:42.849 [info] Getting sessions for read:user,repo,user:email,workflow...
2025-07-22 09:52:42.849 [info] Got 0 sessions for read:user,repo,user:email,workflow...
2025-07-22 09:52:42.851 [info] Getting sessions for all scopes...
2025-07-22 09:52:42.851 [info] Got 1 sessions for ...
2025-07-22 09:52:42.852 [info] Getting sessions for read:user,repo,user:email,workflow...
2025-07-22 09:52:42.852 [info] Got 0 sessions for read:user,repo,user:email,workflow...
2025-07-22 09:52:42.854 [info] Getting sessions for user:email...
2025-07-22 09:52:42.854 [info] Got 1 sessions for user:email...
2025-07-22 09:52:42.865 [info] Getting sessions for all scopes...
2025-07-22 09:52:42.865 [info] Got 1 sessions for ...
2025-07-22 09:52:42.865 [info] Getting sessions for all scopes...
2025-07-22 09:52:42.865 [info] Got 1 sessions for ...
2025-07-22 09:52:42.867 [info] Getting sessions for read:user,repo,user:email,workflow...
2025-07-22 09:52:42.867 [info] Got 0 sessions for read:user,repo,user:email,workflow...
2025-07-22 09:52:42.868 [info] Getting sessions for user:email...
2025-07-22 09:52:42.868 [info] Got 1 sessions for user:email...
2025-07-22 09:52:42.868 [info] Getting sessions for read:user,repo,user:email,workflow...
2025-07-22 09:52:42.868 [info] Got 0 sessions for read:user,repo,user:email,workflow...
2025-07-22 09:52:42.875 [info] Getting sessions for all scopes...
2025-07-22 09:52:42.875 [info] Got 1 sessions for ...
2025-07-22 09:52:42.878 [info] Getting sessions for read:user,repo,user:email,workflow...
2025-07-22 09:52:42.878 [info] Got 0 sessions for read:user,repo,user:email,workflow...
2025-07-22 09:52:42.880 [info] Getting sessions for user:email...
2025-07-22 09:52:42.880 [info] Got 1 sessions for user:email...
2025-07-22 10:07:42.918 [info] Getting sessions for all scopes...
2025-07-22 10:07:42.918 [info] Got 1 sessions for ...
2025-07-22 10:07:42.920 [info] Getting sessions for read:user,repo,user:email,workflow...
2025-07-22 10:07:42.920 [info] Got 0 sessions for read:user,repo,user:email,workflow...
2025-07-22 10:07:42.922 [info] Getting sessions for user:email...
2025-07-22 10:07:42.922 [info] Got 1 sessions for user:email...
2025-07-22 10:22:42.927 [info] Getting sessions for all scopes...
2025-07-22 10:22:42.928 [info] Got 1 sessions for ...
2025-07-22 10:22:42.937 [info] Getting sessions for read:user,repo,user:email,workflow...
2025-07-22 10:22:42.937 [info] Got 0 sessions for read:user,repo,user:email,workflow...
2025-07-22 10:22:42.942 [info] Getting sessions for user:email...
2025-07-22 10:22:42.942 [info] Got 1 sessions for user:email...
2025-07-22 10:22:42.948 [info] Getting sessions for all scopes...
2025-07-22 10:22:42.948 [info] Got 1 sessions for ...
2025-07-22 10:22:42.952 [info] Getting sessions for read:user,repo,user:email,workflow...
2025-07-22 10:22:42.952 [info] Got 0 sessions for read:user,repo,user:email,workflow...
2025-07-22 10:22:42.966 [info] Getting sessions for user:email...
2025-07-22 10:22:42.966 [info] Got 1 sessions for user:email...
2025-07-22 10:22:43.858 [info] Getting sessions for all scopes...
2025-07-22 10:22:43.858 [info] Got 1 sessions for ...
2025-07-22 10:22:43.858 [info] Getting sessions for all scopes...
2025-07-22 10:22:43.858 [info] Got 1 sessions for ...
2025-07-22 10:22:43.877 [info] Getting sessions for read:user,repo,user:email,workflow...
2025-07-22 10:22:43.877 [info] Got 0 sessions for read:user,repo,user:email,workflow...
2025-07-22 10:22:43.878 [info] Getting sessions for user:email...
2025-07-22 10:22:43.878 [info] Got 1 sessions for user:email...
2025-07-22 10:22:43.880 [info] Getting sessions for read:user,repo,user:email,workflow...
2025-07-22 10:22:43.880 [info] Got 0 sessions for read:user,repo,user:email,workflow...
2025-07-22 10:22:43.883 [info] Getting sessions for all scopes...
2025-07-22 10:22:43.883 [info] Got 1 sessions for ...
2025-07-22 10:22:43.885 [info] Getting sessions for read:user,repo,user:email,workflow...
2025-07-22 10:22:43.885 [info] Got 0 sessions for read:user,repo,user:email,workflow...
2025-07-22 10:22:43.886 [info] Getting sessions for user:email...
2025-07-22 10:22:43.886 [info] Got 1 sessions for user:email...
2025-07-22 10:22:43.892 [info] Getting sessions for all scopes...
2025-07-22 10:22:43.892 [info] Got 1 sessions for ...
2025-07-22 10:22:43.892 [info] Getting sessions for all scopes...
2025-07-22 10:22:43.892 [info] Got 1 sessions for ...
2025-07-22 10:22:43.898 [info] Getting sessions for read:user,repo,user:email,workflow...
2025-07-22 10:22:43.898 [info] Got 0 sessions for read:user,repo,user:email,workflow...
2025-07-22 10:22:43.906 [info] Getting sessions for user:email...
2025-07-22 10:22:43.906 [info] Got 1 sessions for user:email...
2025-07-22 10:22:43.907 [info] Getting sessions for read:user,repo,user:email,workflow...
2025-07-22 10:22:43.907 [info] Got 0 sessions for read:user,repo,user:email,workflow...
2025-07-22 10:22:43.925 [info] Getting sessions for all scopes...
2025-07-22 10:22:43.925 [info] Got 1 sessions for ...
2025-07-22 10:22:43.935 [info] Getting sessions for read:user,repo,user:email,workflow...
2025-07-22 10:22:43.935 [info] Got 0 sessions for read:user,repo,user:email,workflow...
2025-07-22 10:22:43.937 [info] Getting sessions for user:email...
2025-07-22 10:22:43.937 [info] Got 1 sessions for user:email...
2025-07-22 10:37:45.197 [info] Getting sessions for all scopes...
2025-07-22 10:37:45.197 [info] Got 1 sessions for ...
2025-07-22 10:37:45.199 [info] Getting sessions for read:user,repo,user:email,workflow...
2025-07-22 10:37:45.199 [info] Got 0 sessions for read:user,repo,user:email,workflow...
2025-07-22 10:37:45.201 [info] Getting sessions for user:email...
2025-07-22 10:37:45.201 [info] Got 1 sessions for user:email...
2025-07-22 10:52:45.230 [info] Getting sessions for all scopes...
2025-07-22 10:52:45.230 [info] Got 1 sessions for ...
2025-07-22 10:52:45.232 [info] Getting sessions for read:user,repo,user:email,workflow...
2025-07-22 10:52:45.232 [info] Got 0 sessions for read:user,repo,user:email,workflow...
2025-07-22 10:52:45.234 [info] Getting sessions for user:email...
2025-07-22 10:52:45.234 [info] Got 1 sessions for user:email...
2025-07-22 10:52:45.236 [info] Getting sessions for all scopes...
2025-07-22 10:52:45.236 [info] Got 1 sessions for ...
2025-07-22 10:52:45.237 [info] Getting sessions for read:user,repo,user:email,workflow...
2025-07-22 10:52:45.237 [info] Got 0 sessions for read:user,repo,user:email,workflow...
2025-07-22 10:52:45.242 [info] Getting sessions for user:email...
2025-07-22 10:52:45.242 [info] Got 1 sessions for user:email...
2025-07-22 10:52:46.134 [info] Getting sessions for all scopes...
2025-07-22 10:52:46.134 [info] Got 1 sessions for ...
2025-07-22 10:52:46.134 [info] Getting sessions for all scopes...
2025-07-22 10:52:46.134 [info] Got 1 sessions for ...
2025-07-22 10:52:46.144 [info] Getting sessions for read:user,repo,user:email,workflow...
2025-07-22 10:52:46.144 [info] Got 0 sessions for read:user,repo,user:email,workflow...
2025-07-22 10:52:46.148 [info] Getting sessions for user:email...
2025-07-22 10:52:46.148 [info] Got 1 sessions for user:email...
2025-07-22 10:52:46.149 [info] Getting sessions for read:user,repo,user:email,workflow...
2025-07-22 10:52:46.149 [info] Got 0 sessions for read:user,repo,user:email,workflow...
2025-07-22 10:52:46.151 [info] Getting sessions for all scopes...
2025-07-22 10:52:46.151 [info] Got 1 sessions for ...
2025-07-22 10:52:46.153 [info] Getting sessions for read:user,repo,user:email,workflow...
2025-07-22 10:52:46.153 [info] Got 0 sessions for read:user,repo,user:email,workflow...
2025-07-22 10:52:46.155 [info] Getting sessions for user:email...
2025-07-22 10:52:46.155 [info] Got 1 sessions for user:email...
2025-07-22 10:52:46.162 [info] Getting sessions for all scopes...
2025-07-22 10:52:46.162 [info] Got 1 sessions for ...
2025-07-22 10:52:46.163 [info] Getting sessions for all scopes...
2025-07-22 10:52:46.163 [info] Got 1 sessions for ...
2025-07-22 10:52:46.172 [info] Getting sessions for read:user,repo,user:email,workflow...
2025-07-22 10:52:46.172 [info] Got 0 sessions for read:user,repo,user:email,workflow...
2025-07-22 10:52:46.177 [info] Getting sessions for user:email...
2025-07-22 10:52:46.177 [info] Got 1 sessions for user:email...
2025-07-22 10:52:46.178 [info] Getting sessions for read:user,repo,user:email,workflow...
2025-07-22 10:52:46.179 [info] Got 0 sessions for read:user,repo,user:email,workflow...
2025-07-22 10:52:46.199 [info] Getting sessions for all scopes...
2025-07-22 10:52:46.199 [info] Got 1 sessions for ...
2025-07-22 10:52:46.203 [info] Getting sessions for read:user,repo,user:email,workflow...
2025-07-22 10:52:46.203 [info] Got 0 sessions for read:user,repo,user:email,workflow...
2025-07-22 10:52:46.205 [info] Getting sessions for user:email...
2025-07-22 10:52:46.205 [info] Got 1 sessions for user:email...
2025-07-22 10:53:38.484 [info] Getting sessions for read:user,repo,user:email,workflow...
2025-07-22 10:53:38.484 [info] Got 0 sessions for read:user,repo,user:email,workflow...
2025-07-22 10:53:38.488 [info] Getting sessions for read:user...
2025-07-22 10:53:38.488 [info] Got 0 sessions for read:user...
2025-07-22 10:53:38.490 [info] Getting sessions for user:email...
2025-07-22 10:53:38.490 [info] Got 1 sessions for user:email...
2025-07-22 11:07:46.203 [info] Getting sessions for all scopes...
2025-07-22 11:07:46.203 [info] Got 1 sessions for ...
2025-07-22 11:07:46.207 [info] Getting sessions for read:user,repo,user:email,workflow...
2025-07-22 11:07:46.207 [info] Got 0 sessions for read:user,repo,user:email,workflow...
2025-07-22 11:07:46.216 [info] Getting sessions for user:email...
2025-07-22 11:07:46.216 [info] Got 1 sessions for user:email...
2025-07-22 11:22:46.226 [info] Getting sessions for all scopes...
2025-07-22 11:22:46.227 [info] Got 1 sessions for ...
2025-07-22 11:22:46.232 [info] Getting sessions for read:user,repo,user:email,workflow...
2025-07-22 11:22:46.232 [info] Got 0 sessions for read:user,repo,user:email,workflow...
2025-07-22 11:22:46.237 [info] Getting sessions for user:email...
2025-07-22 11:22:46.238 [info] Got 1 sessions for user:email...
2025-07-22 11:22:46.240 [info] Getting sessions for all scopes...
2025-07-22 11:22:46.240 [info] Got 1 sessions for ...
2025-07-22 11:22:46.243 [info] Getting sessions for read:user,repo,user:email,workflow...
2025-07-22 11:22:46.243 [info] Got 0 sessions for read:user,repo,user:email,workflow...
2025-07-22 11:22:46.245 [info] Getting sessions for user:email...
2025-07-22 11:22:46.245 [info] Got 1 sessions for user:email...
2025-07-22 11:22:47.107 [info] Getting sessions for all scopes...
2025-07-22 11:22:47.107 [info] Got 1 sessions for ...
2025-07-22 11:22:47.108 [info] Getting sessions for all scopes...
2025-07-22 11:22:47.108 [info] Got 1 sessions for ...
2025-07-22 11:22:47.110 [info] Getting sessions for read:user,repo,user:email,workflow...
2025-07-22 11:22:47.110 [info] Got 0 sessions for read:user,repo,user:email,workflow...
2025-07-22 11:22:47.113 [info] Getting sessions for user:email...
2025-07-22 11:22:47.113 [info] Got 1 sessions for user:email...
2025-07-22 11:22:47.115 [info] Getting sessions for read:user,repo,user:email,workflow...
2025-07-22 11:22:47.115 [info] Got 0 sessions for read:user,repo,user:email,workflow...
2025-07-22 11:22:47.117 [info] Getting sessions for all scopes...
2025-07-22 11:22:47.117 [info] Got 1 sessions for ...
2025-07-22 11:22:47.122 [info] Getting sessions for read:user,repo,user:email,workflow...
2025-07-22 11:22:47.122 [info] Got 0 sessions for read:user,repo,user:email,workflow...
2025-07-22 11:22:47.125 [info] Getting sessions for user:email...
2025-07-22 11:22:47.125 [info] Got 1 sessions for user:email...
2025-07-22 11:22:47.131 [info] Getting sessions for all scopes...
2025-07-22 11:22:47.131 [info] Got 1 sessions for ...
2025-07-22 11:22:47.133 [info] Getting sessions for all scopes...
2025-07-22 11:22:47.133 [info] Got 1 sessions for ...
2025-07-22 11:22:47.138 [info] Getting sessions for read:user,repo,user:email,workflow...
2025-07-22 11:22:47.138 [info] Got 0 sessions for read:user,repo,user:email,workflow...
2025-07-22 11:22:47.140 [info] Getting sessions for user:email...
2025-07-22 11:22:47.140 [info] Got 1 sessions for user:email...
2025-07-22 11:22:47.140 [info] Getting sessions for read:user,repo,user:email,workflow...
2025-07-22 11:22:47.140 [info] Got 0 sessions for read:user,repo,user:email,workflow...
2025-07-22 11:22:47.146 [info] Getting sessions for all scopes...
2025-07-22 11:22:47.146 [info] Got 1 sessions for ...
2025-07-22 11:22:47.167 [info] Getting sessions for read:user,repo,user:email,workflow...
2025-07-22 11:22:47.167 [info] Got 0 sessions for read:user,repo,user:email,workflow...
2025-07-22 11:22:47.172 [info] Getting sessions for user:email...
2025-07-22 11:22:47.172 [info] Got 1 sessions for user:email...
2025-07-22 11:37:47.144 [info] Getting sessions for all scopes...
2025-07-22 11:37:47.144 [info] Got 1 sessions for ...
2025-07-22 11:37:47.146 [info] Getting sessions for read:user,repo,user:email,workflow...
2025-07-22 11:37:47.146 [info] Got 0 sessions for read:user,repo,user:email,workflow...
2025-07-22 11:37:47.148 [info] Getting sessions for user:email...
2025-07-22 11:37:47.148 [info] Got 1 sessions for user:email...
2025-07-22 11:38:27.276 [info] Getting sessions for read:user,repo,user:email,workflow...
2025-07-22 11:38:27.276 [info] Got 0 sessions for read:user,repo,user:email,workflow...
2025-07-22 11:38:27.277 [info] Getting sessions for read:user...
2025-07-22 11:38:27.277 [info] Got 0 sessions for read:user...
2025-07-22 11:38:27.280 [info] Getting sessions for user:email...
2025-07-22 11:38:27.280 [info] Got 1 sessions for user:email...
2025-07-22 11:52:47.157 [info] Getting sessions for all scopes...
2025-07-22 11:52:47.157 [info] Got 1 sessions for ...
2025-07-22 11:52:47.160 [info] Getting sessions for read:user,repo,user:email,workflow...
2025-07-22 11:52:47.160 [info] Got 0 sessions for read:user,repo,user:email,workflow...
2025-07-22 11:52:47.163 [info] Getting sessions for user:email...
2025-07-22 11:52:47.163 [info] Got 1 sessions for user:email...
2025-07-22 11:52:47.165 [info] Getting sessions for all scopes...
2025-07-22 11:52:47.165 [info] Got 1 sessions for ...
2025-07-22 11:52:47.167 [info] Getting sessions for read:user,repo,user:email,workflow...
2025-07-22 11:52:47.167 [info] Got 0 sessions for read:user,repo,user:email,workflow...
2025-07-22 11:52:47.168 [info] Getting sessions for user:email...
2025-07-22 11:52:47.169 [info] Got 1 sessions for user:email...
2025-07-22 11:52:47.995 [info] Getting sessions for all scopes...
2025-07-22 11:52:47.995 [info] Got 1 sessions for ...
2025-07-22 11:52:47.995 [info] Getting sessions for all scopes...
2025-07-22 11:52:47.995 [info] Got 1 sessions for ...
2025-07-22 11:52:48.011 [info] Getting sessions for read:user,repo,user:email,workflow...
2025-07-22 11:52:48.011 [info] Got 0 sessions for read:user,repo,user:email,workflow...
2025-07-22 11:52:48.013 [info] Getting sessions for user:email...
2025-07-22 11:52:48.013 [info] Got 1 sessions for user:email...
2025-07-22 11:52:48.014 [info] Getting sessions for read:user,repo,user:email,workflow...
2025-07-22 11:52:48.014 [info] Got 0 sessions for read:user,repo,user:email,workflow...
2025-07-22 11:52:48.017 [info] Getting sessions for all scopes...
2025-07-22 11:52:48.017 [info] Got 1 sessions for ...
2025-07-22 11:52:48.019 [info] Getting sessions for read:user,repo,user:email,workflow...
2025-07-22 11:52:48.019 [info] Got 0 sessions for read:user,repo,user:email,workflow...
2025-07-22 11:52:48.021 [info] Getting sessions for user:email...
2025-07-22 11:52:48.021 [info] Got 1 sessions for user:email...
2025-07-22 11:52:48.025 [info] Getting sessions for all scopes...
2025-07-22 11:52:48.025 [info] Got 1 sessions for ...
2025-07-22 11:52:48.025 [info] Getting sessions for all scopes...
2025-07-22 11:52:48.025 [info] Got 1 sessions for ...
2025-07-22 11:52:48.027 [info] Getting sessions for read:user,repo,user:email,workflow...
2025-07-22 11:52:48.027 [info] Got 0 sessions for read:user,repo,user:email,workflow...
2025-07-22 11:52:48.029 [info] Getting sessions for user:email...
2025-07-22 11:52:48.029 [info] Got 1 sessions for user:email...
2025-07-22 11:52:48.029 [info] Getting sessions for read:user,repo,user:email,workflow...
2025-07-22 11:52:48.029 [info] Got 0 sessions for read:user,repo,user:email,workflow...
2025-07-22 11:52:48.034 [info] Getting sessions for all scopes...
2025-07-22 11:52:48.034 [info] Got 1 sessions for ...
2025-07-22 11:52:48.036 [info] Getting sessions for read:user,repo,user:email,workflow...
2025-07-22 11:52:48.036 [info] Got 0 sessions for read:user,repo,user:email,workflow...
2025-07-22 11:52:48.037 [info] Getting sessions for user:email...
2025-07-22 11:52:48.037 [info] Got 1 sessions for user:email...
2025-07-22 12:07:48.167 [info] Getting sessions for all scopes...
2025-07-22 12:07:48.167 [info] Got 1 sessions for ...
2025-07-22 12:07:48.170 [info] Getting sessions for read:user,repo,user:email,workflow...
2025-07-22 12:07:48.170 [info] Got 0 sessions for read:user,repo,user:email,workflow...
2025-07-22 12:07:48.172 [info] Getting sessions for user:email...
2025-07-22 12:07:48.172 [info] Got 1 sessions for user:email...
2025-07-22 12:22:48.177 [info] Getting sessions for all scopes...
2025-07-22 12:22:48.177 [info] Got 1 sessions for ...
2025-07-22 12:22:48.179 [info] Getting sessions for read:user,repo,user:email,workflow...
2025-07-22 12:22:48.179 [info] Got 0 sessions for read:user,repo,user:email,workflow...
2025-07-22 12:22:48.182 [info] Getting sessions for user:email...
2025-07-22 12:22:48.182 [info] Got 1 sessions for user:email...
2025-07-22 12:22:48.185 [info] Getting sessions for all scopes...
2025-07-22 12:22:48.185 [info] Got 1 sessions for ...
2025-07-22 12:22:48.187 [info] Getting sessions for read:user,repo,user:email,workflow...
2025-07-22 12:22:48.188 [info] Got 0 sessions for read:user,repo,user:email,workflow...
2025-07-22 12:22:48.190 [info] Getting sessions for user:email...
2025-07-22 12:22:48.190 [info] Got 1 sessions for user:email...
2025-07-22 12:22:49.092 [info] Getting sessions for all scopes...
2025-07-22 12:22:49.092 [info] Got 1 sessions for ...
2025-07-22 12:22:49.093 [info] Getting sessions for all scopes...
2025-07-22 12:22:49.093 [info] Got 1 sessions for ...
2025-07-22 12:22:49.095 [info] Getting sessions for read:user,repo,user:email,workflow...
2025-07-22 12:22:49.095 [info] Got 0 sessions for read:user,repo,user:email,workflow...
2025-07-22 12:22:49.097 [info] Getting sessions for user:email...
2025-07-22 12:22:49.097 [info] Got 1 sessions for user:email...
2025-07-22 12:22:49.097 [info] Getting sessions for read:user,repo,user:email,workflow...
2025-07-22 12:22:49.097 [info] Got 0 sessions for read:user,repo,user:email,workflow...
2025-07-22 12:22:49.099 [info] Getting sessions for all scopes...
2025-07-22 12:22:49.099 [info] Got 1 sessions for ...
2025-07-22 12:22:49.102 [info] Getting sessions for read:user,repo,user:email,workflow...
2025-07-22 12:22:49.102 [info] Got 0 sessions for read:user,repo,user:email,workflow...
2025-07-22 12:22:49.104 [info] Getting sessions for user:email...
2025-07-22 12:22:49.104 [info] Got 1 sessions for user:email...
2025-07-22 12:22:49.109 [info] Getting sessions for all scopes...
2025-07-22 12:22:49.109 [info] Got 1 sessions for ...
2025-07-22 12:22:49.109 [info] Getting sessions for all scopes...
2025-07-22 12:22:49.109 [info] Got 1 sessions for ...
2025-07-22 12:22:49.111 [info] Getting sessions for read:user,repo,user:email,workflow...
2025-07-22 12:22:49.111 [info] Got 0 sessions for read:user,repo,user:email,workflow...
2025-07-22 12:22:49.113 [info] Getting sessions for user:email...
2025-07-22 12:22:49.113 [info] Got 1 sessions for user:email...
2025-07-22 12:22:49.113 [info] Getting sessions for read:user,repo,user:email,workflow...
2025-07-22 12:22:49.113 [info] Got 0 sessions for read:user,repo,user:email,workflow...
2025-07-22 12:22:49.119 [info] Getting sessions for all scopes...
2025-07-22 12:22:49.119 [info] Got 1 sessions for ...
2025-07-22 12:22:49.121 [info] Getting sessions for read:user,repo,user:email,workflow...
2025-07-22 12:22:49.121 [info] Got 0 sessions for read:user,repo,user:email,workflow...
2025-07-22 12:22:49.122 [info] Getting sessions for user:email...
2025-07-22 12:22:49.122 [info] Got 1 sessions for user:email...
2025-07-22 12:37:49.121 [info] Getting sessions for all scopes...
2025-07-22 12:37:49.121 [info] Got 1 sessions for ...
2025-07-22 12:37:49.122 [info] Getting sessions for read:user,repo,user:email,workflow...
2025-07-22 12:37:49.122 [info] Got 0 sessions for read:user,repo,user:email,workflow...
2025-07-22 12:37:49.124 [info] Getting sessions for user:email...
2025-07-22 12:37:49.124 [info] Got 1 sessions for user:email...
2025-07-22 12:43:32.127 [info] Getting sessions for read:user,repo,user:email,workflow...
2025-07-22 12:43:32.127 [info] Got 0 sessions for read:user,repo,user:email,workflow...
2025-07-22 12:43:32.130 [info] Getting sessions for read:user...
2025-07-22 12:43:32.130 [info] Got 0 sessions for read:user...
2025-07-22 12:43:32.133 [info] Getting sessions for user:email...
2025-07-22 12:43:32.133 [info] Got 1 sessions for user:email...
2025-07-22 12:52:49.128 [info] Getting sessions for all scopes...
2025-07-22 12:52:49.128 [info] Got 1 sessions for ...
2025-07-22 12:52:49.130 [info] Getting sessions for read:user,repo,user:email,workflow...
2025-07-22 12:52:49.130 [info] Got 0 sessions for read:user,repo,user:email,workflow...
2025-07-22 12:52:49.132 [info] Getting sessions for user:email...
2025-07-22 12:52:49.132 [info] Got 1 sessions for user:email...
2025-07-22 12:52:49.134 [info] Getting sessions for all scopes...
2025-07-22 12:52:49.134 [info] Got 1 sessions for ...
2025-07-22 12:52:49.136 [info] Getting sessions for read:user,repo,user:email,workflow...
2025-07-22 12:52:49.136 [info] Got 0 sessions for read:user,repo,user:email,workflow...
2025-07-22 12:52:49.137 [info] Getting sessions for user:email...
2025-07-22 12:52:49.137 [info] Got 1 sessions for user:email...
2025-07-22 12:52:49.978 [info] Getting sessions for all scopes...
2025-07-22 12:52:49.978 [info] Got 1 sessions for ...
2025-07-22 12:52:49.978 [info] Getting sessions for all scopes...
2025-07-22 12:52:49.978 [info] Got 1 sessions for ...
2025-07-22 12:52:49.980 [info] Getting sessions for read:user,repo,user:email,workflow...
2025-07-22 12:52:49.980 [info] Got 0 sessions for read:user,repo,user:email,workflow...
2025-07-22 12:52:49.982 [info] Getting sessions for user:email...
2025-07-22 12:52:49.982 [info] Got 1 sessions for user:email...
2025-07-22 12:52:49.982 [info] Getting sessions for read:user,repo,user:email,workflow...
2025-07-22 12:52:49.982 [info] Got 0 sessions for read:user,repo,user:email,workflow...
2025-07-22 12:52:49.985 [info] Getting sessions for all scopes...
2025-07-22 12:52:49.985 [info] Got 1 sessions for ...
2025-07-22 12:52:49.987 [info] Getting sessions for read:user,repo,user:email,workflow...
2025-07-22 12:52:49.987 [info] Got 0 sessions for read:user,repo,user:email,workflow...
2025-07-22 12:52:49.990 [info] Getting sessions for user:email...
2025-07-22 12:52:49.990 [info] Got 1 sessions for user:email...
2025-07-22 12:52:49.995 [info] Getting sessions for all scopes...
2025-07-22 12:52:49.995 [info] Got 1 sessions for ...
2025-07-22 12:52:49.996 [info] Getting sessions for all scopes...
2025-07-22 12:52:49.996 [info] Got 1 sessions for ...
2025-07-22 12:52:49.999 [info] Getting sessions for read:user,repo,user:email,workflow...
2025-07-22 12:52:49.999 [info] Got 0 sessions for read:user,repo,user:email,workflow...
2025-07-22 12:52:50.001 [info] Getting sessions for user:email...
2025-07-22 12:52:50.001 [info] Got 1 sessions for user:email...
2025-07-22 12:52:50.002 [info] Getting sessions for read:user,repo,user:email,workflow...
2025-07-22 12:52:50.002 [info] Got 0 sessions for read:user,repo,user:email,workflow...
2025-07-22 12:52:50.013 [info] Getting sessions for all scopes...
2025-07-22 12:52:50.013 [info] Got 1 sessions for ...
2025-07-22 12:52:50.015 [info] Getting sessions for read:user,repo,user:email,workflow...
2025-07-22 12:52:50.015 [info] Got 0 sessions for read:user,repo,user:email,workflow...
2025-07-22 12:52:50.017 [info] Getting sessions for user:email...
2025-07-22 12:52:50.017 [info] Got 1 sessions for user:email...
2025-07-22 13:07:50.480 [info] Getting sessions for all scopes...
2025-07-22 13:07:50.480 [info] Got 1 sessions for ...
2025-07-22 13:07:50.482 [info] Getting sessions for read:user,repo,user:email,workflow...
2025-07-22 13:07:50.482 [info] Got 0 sessions for read:user,repo,user:email,workflow...
2025-07-22 13:07:50.484 [info] Getting sessions for user:email...
2025-07-22 13:07:50.484 [info] Got 1 sessions for user:email...
2025-07-22 13:13:00.715 [info] Getting sessions for read:user,repo,user:email,workflow...
2025-07-22 13:13:00.715 [info] Got 0 sessions for read:user,repo,user:email,workflow...
2025-07-22 13:13:00.718 [info] Getting sessions for read:user...
2025-07-22 13:13:00.718 [info] Got 0 sessions for read:user...
2025-07-22 13:13:00.721 [info] Getting sessions for user:email...
2025-07-22 13:13:00.721 [info] Got 1 sessions for user:email...
