2025-07-22 05:55:32.014 [info] Reading sessions from keychain...
2025-07-22 05:55:32.014 [info] Getting sessions for all scopes...
2025-07-22 05:55:36.612 [info] Got 0 sessions for ...
2025-07-22 05:55:36.612 [info] Getting sessions for all scopes...
2025-07-22 05:55:36.612 [info] Got 0 sessions for ...
2025-07-22 05:55:36.612 [info] Getting sessions for all scopes...
2025-07-22 05:55:36.612 [info] Got 0 sessions for ...
2025-07-22 05:55:36.612 [info] Getting sessions for all scopes...
2025-07-22 05:55:36.612 [info] Got 0 sessions for ...
2025-07-22 05:55:36.612 [info] Getting sessions for all scopes...
2025-07-22 05:55:36.612 [info] Got 0 sessions for ...
2025-07-22 05:55:36.612 [info] Getting sessions for all scopes...
2025-07-22 05:55:36.612 [info] Got 0 sessions for ...
2025-07-22 05:55:36.612 [info] Getting sessions for all scopes...
2025-07-22 05:55:36.612 [info] Got 0 sessions for ...
2025-07-22 05:55:36.613 [info] Getting sessions for all scopes...
2025-07-22 05:55:36.613 [info] Got 0 sessions for ...
2025-07-22 05:55:36.613 [info] Getting sessions for all scopes...
2025-07-22 05:55:36.613 [info] Got 0 sessions for ...
2025-07-22 05:55:36.613 [info] Getting sessions for all scopes...
2025-07-22 05:55:36.613 [info] Got 0 sessions for ...
2025-07-22 05:55:36.613 [info] Getting sessions for all scopes...
2025-07-22 05:55:36.613 [info] Got 0 sessions for ...
2025-07-22 05:55:36.613 [info] Getting sessions for all scopes...
2025-07-22 05:55:36.613 [info] Got 0 sessions for ...
2025-07-22 05:55:36.613 [info] Getting sessions for all scopes...
2025-07-22 05:55:36.613 [info] Got 0 sessions for ...
2025-07-22 05:55:36.614 [info] Getting sessions for all scopes...
2025-07-22 05:55:36.614 [info] Got 0 sessions for ...
2025-07-22 05:55:36.614 [info] Getting sessions for all scopes...
2025-07-22 05:55:36.614 [info] Got 0 sessions for ...
2025-07-22 05:55:36.619 [info] Getting sessions for all scopes...
2025-07-22 05:55:36.619 [info] Got 0 sessions for ...
2025-07-22 05:55:36.674 [info] Getting sessions for all scopes...
2025-07-22 05:55:36.674 [info] Got 0 sessions for ...
2025-07-22 05:55:36.674 [info] Getting sessions for all scopes...
2025-07-22 05:55:36.674 [info] Got 0 sessions for ...
2025-07-22 05:55:36.679 [info] Getting sessions for all scopes...
2025-07-22 05:55:36.679 [info] Got 0 sessions for ...
2025-07-22 06:50:47.944 [info] Logging in with 'any' account...
2025-07-22 06:50:47.944 [info] Logging in for the following scopes: user:email
2025-07-22 06:50:48.065 [info] Trying with local server... (user:email)
2025-07-22 06:50:55.165 [info] Exchanging code for token...
2025-07-22 06:50:55.473 [info] Token exchange success!
2025-07-22 06:50:55.475 [info] Getting user info...
2025-07-22 06:50:55.813 [info] Got account info!
2025-07-22 06:50:55.814 [info] Storing 1 sessions...
2025-07-22 06:50:55.823 [info] Reading sessions from keychain...
2025-07-22 06:50:55.823 [info] Stored 1 sessions!
2025-07-22 06:50:55.824 [info] Login success!
2025-07-22 06:50:55.828 [info] Getting sessions for all scopes...
2025-07-22 06:50:55.837 [info] Got stored sessions!
2025-07-22 06:50:55.837 [info] Got 1 verified sessions.
2025-07-22 06:50:55.837 [info] Got 1 sessions for ...
2025-07-22 06:50:55.837 [info] Getting sessions for all scopes...
2025-07-22 06:50:55.837 [info] Got 1 sessions for ...
2025-07-22 06:50:55.841 [info] Getting sessions for all scopes...
2025-07-22 06:50:55.841 [info] Got 1 sessions for ...
2025-07-22 06:51:13.092 [info] Getting sessions for all scopes...
2025-07-22 06:51:13.092 [info] Got 1 sessions for ...
2025-07-22 06:51:13.092 [info] Getting sessions for all scopes...
2025-07-22 06:51:13.092 [info] Got 1 sessions for ...
2025-07-22 06:51:13.632 [info] Getting sessions for read:user,repo,user:email,workflow...
2025-07-22 06:51:13.632 [info] Got 0 sessions for read:user,repo,user:email,workflow...
2025-07-22 06:51:13.639 [info] Getting sessions for all scopes...
2025-07-22 06:51:13.639 [info] Got 1 sessions for ...
2025-07-22 06:51:13.643 [info] Getting sessions for all scopes...
2025-07-22 06:51:13.643 [info] Got 1 sessions for ...
2025-07-22 06:51:13.644 [info] Getting sessions for read:user,repo,user:email,workflow...
2025-07-22 06:51:13.644 [info] Got 0 sessions for read:user,repo,user:email,workflow...
2025-07-22 06:51:13.651 [info] Getting sessions for user:email...
2025-07-22 06:51:13.651 [info] Got 1 sessions for user:email...
2025-07-22 06:51:13.652 [info] Getting sessions for read:user,repo,user:email,workflow...
2025-07-22 06:51:13.652 [info] Got 0 sessions for read:user,repo,user:email,workflow...
2025-07-22 06:51:13.654 [info] Getting sessions for read:user...
2025-07-22 06:51:13.654 [info] Got 0 sessions for read:user...
2025-07-22 06:51:13.656 [info] Getting sessions for all scopes...
2025-07-22 06:51:13.656 [info] Got 1 sessions for ...
2025-07-22 06:51:13.657 [info] Getting sessions for user:email...
2025-07-22 06:51:13.657 [info] Got 1 sessions for user:email...
2025-07-22 06:51:13.662 [info] Getting sessions for read:user,repo,user:email,workflow...
2025-07-22 06:51:13.662 [info] Got 0 sessions for read:user,repo,user:email,workflow...
2025-07-22 06:51:13.795 [info] Getting sessions for user:email...
2025-07-22 06:51:13.795 [info] Got 1 sessions for user:email...
2025-07-22 06:51:13.924 [info] Getting sessions for all scopes...
2025-07-22 06:51:13.924 [info] Got 1 sessions for ...
2025-07-22 06:51:14.069 [info] Getting sessions for read:user,repo,user:email,workflow...
2025-07-22 06:51:14.069 [info] Got 0 sessions for read:user,repo,user:email,workflow...
2025-07-22 06:51:14.070 [info] Getting sessions for all scopes...
2025-07-22 06:51:14.070 [info] Got 1 sessions for ...
2025-07-22 06:51:14.071 [info] Getting sessions for user:email...
2025-07-22 06:51:14.071 [info] Got 1 sessions for user:email...
2025-07-22 06:51:14.072 [info] Getting sessions for read:user,repo,user:email,workflow...
2025-07-22 06:51:14.072 [info] Got 0 sessions for read:user,repo,user:email,workflow...
2025-07-22 06:51:14.075 [info] Getting sessions for user:email...
2025-07-22 06:51:14.075 [info] Got 1 sessions for user:email...
2025-07-22 06:51:14.200 [info] Getting sessions for all scopes...
2025-07-22 06:51:14.200 [info] Got 1 sessions for ...
2025-07-22 06:51:14.203 [info] Getting sessions for read:user,repo,user:email,workflow...
2025-07-22 06:51:14.203 [info] Got 0 sessions for read:user,repo,user:email,workflow...
2025-07-22 06:51:14.208 [info] Getting sessions for user:email...
2025-07-22 06:51:14.208 [info] Got 1 sessions for user:email...
2025-07-22 06:51:14.718 [info] Getting sessions for all scopes...
2025-07-22 06:51:14.718 [info] Got 1 sessions for ...
2025-07-22 06:51:14.719 [info] Getting sessions for all scopes...
2025-07-22 06:51:14.719 [info] Got 1 sessions for ...
2025-07-22 06:51:14.736 [info] Getting sessions for read:user,repo,user:email,workflow...
2025-07-22 06:51:14.736 [info] Got 0 sessions for read:user,repo,user:email,workflow...
2025-07-22 06:51:14.745 [info] Getting sessions for user:email...
2025-07-22 06:51:14.745 [info] Got 1 sessions for user:email...
2025-07-22 06:51:14.747 [info] Getting sessions for read:user,repo,user:email,workflow...
2025-07-22 06:51:14.747 [info] Got 0 sessions for read:user,repo,user:email,workflow...
2025-07-22 06:51:14.765 [info] Getting sessions for all scopes...
2025-07-22 06:51:14.765 [info] Got 1 sessions for ...
2025-07-22 06:51:14.780 [info] Getting sessions for read:user,repo,user:email,workflow...
2025-07-22 06:51:14.780 [info] Got 0 sessions for read:user,repo,user:email,workflow...
2025-07-22 06:51:14.804 [info] Getting sessions for user:email...
2025-07-22 06:51:14.804 [info] Got 1 sessions for user:email...
2025-07-22 06:51:14.938 [info] Getting sessions for all scopes...
2025-07-22 06:51:14.938 [info] Got 1 sessions for ...
2025-07-22 06:51:14.942 [info] Getting sessions for all scopes...
2025-07-22 06:51:14.942 [info] Got 1 sessions for ...
2025-07-22 06:51:14.944 [info] Getting sessions for read:user,repo,user:email,workflow...
2025-07-22 06:51:14.944 [info] Got 0 sessions for read:user,repo,user:email,workflow...
2025-07-22 06:51:14.945 [info] Getting sessions for user:email...
2025-07-22 06:51:14.945 [info] Got 1 sessions for user:email...
2025-07-22 06:51:14.946 [info] Getting sessions for read:user,repo,user:email,workflow...
2025-07-22 06:51:14.946 [info] Got 0 sessions for read:user,repo,user:email,workflow...
2025-07-22 06:51:14.953 [info] Getting sessions for all scopes...
2025-07-22 06:51:14.953 [info] Got 1 sessions for ...
2025-07-22 06:51:14.956 [info] Getting sessions for all scopes...
2025-07-22 06:51:14.956 [info] Got 1 sessions for ...
2025-07-22 06:51:14.958 [info] Getting sessions for all scopes...
2025-07-22 06:51:14.958 [info] Got 1 sessions for ...
2025-07-22 06:51:14.960 [info] Getting sessions for read:user,repo,user:email,workflow...
2025-07-22 06:51:14.960 [info] Got 0 sessions for read:user,repo,user:email,workflow...
2025-07-22 06:51:14.962 [info] Getting sessions for user:email...
2025-07-22 06:51:14.962 [info] Got 1 sessions for user:email...
2025-07-22 06:51:15.570 [info] Getting sessions for all scopes...
2025-07-22 06:51:15.570 [info] Got 1 sessions for ...
2025-07-22 06:51:15.609 [info] Getting sessions for all scopes...
2025-07-22 06:51:15.609 [info] Got 1 sessions for ...
2025-07-22 06:51:15.611 [info] Getting sessions for read:user,repo,user:email,workflow...
2025-07-22 06:51:15.611 [info] Got 0 sessions for read:user,repo,user:email,workflow...
2025-07-22 06:51:15.613 [info] Getting sessions for user:email...
2025-07-22 06:51:15.613 [info] Got 1 sessions for user:email...
2025-07-22 06:51:15.810 [info] Getting sessions for all scopes...
2025-07-22 06:51:15.810 [info] Got 1 sessions for ...
2025-07-22 06:51:15.812 [info] Getting sessions for read:user,repo,user:email,workflow...
2025-07-22 06:51:15.812 [info] Got 0 sessions for read:user,repo,user:email,workflow...
2025-07-22 06:51:15.813 [info] Getting sessions for user:email...
2025-07-22 06:51:15.813 [info] Got 1 sessions for user:email...
2025-07-22 06:51:16.140 [info] Getting sessions for all scopes...
2025-07-22 06:51:16.140 [info] Got 1 sessions for ...
2025-07-22 06:51:16.146 [info] Getting sessions for read:user,repo,user:email,workflow...
2025-07-22 06:51:16.146 [info] Got 0 sessions for read:user,repo,user:email,workflow...
2025-07-22 06:51:16.148 [info] Getting sessions for user:email...
2025-07-22 06:51:16.148 [info] Got 1 sessions for user:email...
2025-07-22 06:51:16.686 [info] Getting sessions for all scopes...
2025-07-22 06:51:16.686 [info] Got 1 sessions for ...
2025-07-22 06:51:16.690 [info] Getting sessions for read:user,repo,user:email,workflow...
2025-07-22 06:51:16.690 [info] Got 0 sessions for read:user,repo,user:email,workflow...
2025-07-22 06:51:16.691 [info] Getting sessions for user:email...
2025-07-22 06:51:16.691 [info] Got 1 sessions for user:email...
2025-07-22 06:51:20.546 [info] Getting sessions for all scopes...
2025-07-22 06:51:20.546 [info] Got 1 sessions for ...
2025-07-22 06:51:20.549 [info] Getting sessions for read:user,repo,user:email,workflow...
2025-07-22 06:51:20.549 [info] Got 0 sessions for read:user,repo,user:email,workflow...
2025-07-22 06:51:20.551 [info] Getting sessions for user:email...
2025-07-22 06:51:20.551 [info] Got 1 sessions for user:email...
2025-07-22 06:51:20.877 [info] Getting sessions for all scopes...
2025-07-22 06:51:20.878 [info] Got 1 sessions for ...
2025-07-22 06:51:20.880 [info] Getting sessions for read:user,repo,user:email,workflow...
2025-07-22 06:51:20.880 [info] Got 0 sessions for read:user,repo,user:email,workflow...
2025-07-22 06:51:20.883 [info] Getting sessions for user:email...
2025-07-22 06:51:20.883 [info] Got 1 sessions for user:email...
2025-07-22 06:51:21.169 [info] Getting sessions for all scopes...
2025-07-22 06:51:21.169 [info] Got 1 sessions for ...
2025-07-22 06:51:21.172 [info] Getting sessions for read:user,repo,user:email,workflow...
2025-07-22 06:51:21.172 [info] Got 0 sessions for read:user,repo,user:email,workflow...
2025-07-22 06:51:21.175 [info] Getting sessions for user:email...
2025-07-22 06:51:21.175 [info] Got 1 sessions for user:email...
2025-07-22 06:51:42.438 [info] Getting sessions for all scopes...
2025-07-22 06:51:42.438 [info] Got 1 sessions for ...
2025-07-22 06:51:42.440 [info] Getting sessions for read:user,repo,user:email,workflow...
2025-07-22 06:51:42.440 [info] Got 0 sessions for read:user,repo,user:email,workflow...
2025-07-22 06:51:42.441 [info] Getting sessions for user:email...
2025-07-22 06:51:42.441 [info] Got 1 sessions for user:email...
2025-07-22 06:51:42.815 [info] Getting sessions for all scopes...
2025-07-22 06:51:42.815 [info] Got 1 sessions for ...
2025-07-22 06:51:42.824 [info] Getting sessions for read:user,repo,user:email,workflow...
2025-07-22 06:51:42.824 [info] Got 0 sessions for read:user,repo,user:email,workflow...
2025-07-22 06:51:42.826 [info] Getting sessions for user:email...
2025-07-22 06:51:42.826 [info] Got 1 sessions for user:email...
2025-07-22 06:53:06.196 [info] Getting sessions for all scopes...
2025-07-22 06:53:06.196 [info] Got 1 sessions for ...
2025-07-22 06:53:06.198 [info] Getting sessions for read:user,repo,user:email,workflow...
2025-07-22 06:53:06.198 [info] Got 0 sessions for read:user,repo,user:email,workflow...
2025-07-22 06:53:06.200 [info] Getting sessions for user:email...
2025-07-22 06:53:06.200 [info] Got 1 sessions for user:email...
2025-07-22 06:53:06.982 [info] Getting sessions for all scopes...
2025-07-22 06:53:06.982 [info] Got 1 sessions for ...
2025-07-22 06:53:06.986 [info] Getting sessions for read:user,repo,user:email,workflow...
2025-07-22 06:53:06.986 [info] Got 0 sessions for read:user,repo,user:email,workflow...
2025-07-22 06:53:06.989 [info] Getting sessions for user:email...
2025-07-22 06:53:06.989 [info] Got 1 sessions for user:email...
2025-07-22 06:55:36.702 [info] Getting sessions for all scopes...
2025-07-22 06:55:36.702 [info] Got 1 sessions for ...
2025-07-22 06:55:36.705 [info] Getting sessions for read:user,repo,user:email,workflow...
2025-07-22 06:55:36.705 [info] Got 0 sessions for read:user,repo,user:email,workflow...
2025-07-22 06:55:36.707 [info] Getting sessions for user:email...
2025-07-22 06:55:36.707 [info] Got 1 sessions for user:email...
2025-07-22 06:55:42.745 [info] Getting sessions for all scopes...
2025-07-22 06:55:42.745 [info] Got 1 sessions for ...
2025-07-22 06:55:42.755 [info] Getting sessions for read:user,repo,user:email,workflow...
2025-07-22 06:55:42.755 [info] Got 0 sessions for read:user,repo,user:email,workflow...
2025-07-22 06:55:42.757 [info] Getting sessions for user:email...
2025-07-22 06:55:42.758 [info] Got 1 sessions for user:email...
2025-07-22 07:00:14.302 [info] Getting sessions for all scopes...
2025-07-22 07:00:14.302 [info] Got 1 sessions for ...
2025-07-22 07:00:14.305 [info] Getting sessions for read:user,repo,user:email,workflow...
2025-07-22 07:00:14.305 [info] Got 0 sessions for read:user,repo,user:email,workflow...
2025-07-22 07:00:14.307 [info] Getting sessions for user:email...
2025-07-22 07:00:14.307 [info] Got 1 sessions for user:email...
2025-07-22 07:00:18.692 [info] Getting sessions for all scopes...
2025-07-22 07:00:18.692 [info] Got 1 sessions for ...
2025-07-22 07:00:18.699 [info] Getting sessions for read:user,repo,user:email,workflow...
2025-07-22 07:00:18.699 [info] Got 0 sessions for read:user,repo,user:email,workflow...
2025-07-22 07:00:18.701 [info] Getting sessions for user:email...
2025-07-22 07:00:18.701 [info] Got 1 sessions for user:email...
2025-07-22 07:01:58.769 [info] Getting sessions for all scopes...
2025-07-22 07:01:58.769 [info] Got 1 sessions for ...
2025-07-22 07:01:58.771 [info] Getting sessions for read:user,repo,user:email,workflow...
2025-07-22 07:01:58.771 [info] Got 0 sessions for read:user,repo,user:email,workflow...
2025-07-22 07:01:58.773 [info] Getting sessions for user:email...
2025-07-22 07:01:58.773 [info] Got 1 sessions for user:email...
2025-07-22 07:01:59.324 [info] Getting sessions for all scopes...
2025-07-22 07:01:59.324 [info] Got 1 sessions for ...
2025-07-22 07:01:59.326 [info] Getting sessions for read:user,repo,user:email,workflow...
2025-07-22 07:01:59.326 [info] Got 0 sessions for read:user,repo,user:email,workflow...
2025-07-22 07:01:59.327 [info] Getting sessions for user:email...
2025-07-22 07:01:59.327 [info] Got 1 sessions for user:email...
2025-07-22 07:02:00.270 [info] Getting sessions for all scopes...
2025-07-22 07:02:00.270 [info] Got 1 sessions for ...
2025-07-22 07:02:00.278 [info] Getting sessions for read:user,repo,user:email,workflow...
2025-07-22 07:02:00.278 [info] Got 0 sessions for read:user,repo,user:email,workflow...
2025-07-22 07:02:00.280 [info] Getting sessions for user:email...
2025-07-22 07:02:00.280 [info] Got 1 sessions for user:email...
2025-07-22 07:03:19.462 [info] Getting sessions for all scopes...
2025-07-22 07:03:19.462 [info] Got 1 sessions for ...
2025-07-22 07:03:19.465 [info] Getting sessions for read:user,repo,user:email,workflow...
2025-07-22 07:03:19.465 [info] Got 0 sessions for read:user,repo,user:email,workflow...
2025-07-22 07:03:19.468 [info] Getting sessions for user:email...
2025-07-22 07:03:19.468 [info] Got 1 sessions for user:email...
2025-07-22 07:03:24.255 [info] Getting sessions for all scopes...
2025-07-22 07:03:24.255 [info] Got 1 sessions for ...
2025-07-22 07:03:24.268 [info] Getting sessions for read:user,repo,user:email,workflow...
2025-07-22 07:03:24.268 [info] Got 0 sessions for read:user,repo,user:email,workflow...
2025-07-22 07:03:24.269 [info] Getting sessions for user:email...
2025-07-22 07:03:24.269 [info] Got 1 sessions for user:email...
2025-07-22 07:04:50.049 [info] Getting sessions for all scopes...
2025-07-22 07:04:50.049 [info] Got 1 sessions for ...
2025-07-22 07:04:50.054 [info] Getting sessions for read:user,repo,user:email,workflow...
2025-07-22 07:04:50.054 [info] Got 0 sessions for read:user,repo,user:email,workflow...
2025-07-22 07:04:50.057 [info] Getting sessions for user:email...
2025-07-22 07:04:50.057 [info] Got 1 sessions for user:email...
2025-07-22 07:04:53.810 [info] Getting sessions for all scopes...
2025-07-22 07:04:53.810 [info] Got 1 sessions for ...
2025-07-22 07:04:53.821 [info] Getting sessions for read:user,repo,user:email,workflow...
2025-07-22 07:04:53.821 [info] Got 0 sessions for read:user,repo,user:email,workflow...
2025-07-22 07:04:53.823 [info] Getting sessions for user:email...
2025-07-22 07:04:53.823 [info] Got 1 sessions for user:email...
2025-07-22 07:05:18.639 [info] Getting sessions for all scopes...
2025-07-22 07:05:18.639 [info] Got 1 sessions for ...
2025-07-22 07:05:18.642 [info] Getting sessions for read:user,repo,user:email,workflow...
2025-07-22 07:05:18.642 [info] Got 0 sessions for read:user,repo,user:email,workflow...
2025-07-22 07:05:18.644 [info] Getting sessions for user:email...
2025-07-22 07:05:18.644 [info] Got 1 sessions for user:email...
2025-07-22 07:05:24.239 [info] Getting sessions for all scopes...
2025-07-22 07:05:24.239 [info] Got 1 sessions for ...
2025-07-22 07:05:24.250 [info] Getting sessions for read:user,repo,user:email,workflow...
2025-07-22 07:05:24.250 [info] Got 0 sessions for read:user,repo,user:email,workflow...
2025-07-22 07:05:24.254 [info] Getting sessions for user:email...
2025-07-22 07:05:24.254 [info] Got 1 sessions for user:email...
2025-07-22 07:06:17.778 [info] Getting sessions for all scopes...
2025-07-22 07:06:17.778 [info] Got 1 sessions for ...
2025-07-22 07:06:17.782 [info] Getting sessions for read:user,repo,user:email,workflow...
2025-07-22 07:06:17.782 [info] Got 0 sessions for read:user,repo,user:email,workflow...
2025-07-22 07:06:17.785 [info] Getting sessions for user:email...
2025-07-22 07:06:17.785 [info] Got 1 sessions for user:email...
2025-07-22 07:07:11.762 [info] Getting sessions for all scopes...
2025-07-22 07:07:11.762 [info] Got 1 sessions for ...
2025-07-22 07:07:11.764 [info] Getting sessions for read:user,repo,user:email,workflow...
2025-07-22 07:07:11.764 [info] Got 0 sessions for read:user,repo,user:email,workflow...
2025-07-22 07:07:11.766 [info] Getting sessions for user:email...
2025-07-22 07:07:11.766 [info] Got 1 sessions for user:email...
2025-07-22 07:07:14.302 [info] Getting sessions for all scopes...
2025-07-22 07:07:14.302 [info] Got 1 sessions for ...
2025-07-22 07:07:14.317 [info] Getting sessions for read:user,repo,user:email,workflow...
2025-07-22 07:07:14.317 [info] Got 0 sessions for read:user,repo,user:email,workflow...
2025-07-22 07:07:14.323 [info] Getting sessions for user:email...
2025-07-22 07:07:14.323 [info] Got 1 sessions for user:email...
2025-07-22 07:08:57.524 [info] Getting sessions for all scopes...
2025-07-22 07:08:57.524 [info] Got 1 sessions for ...
2025-07-22 07:08:57.526 [info] Getting sessions for read:user,repo,user:email,workflow...
2025-07-22 07:08:57.526 [info] Got 0 sessions for read:user,repo,user:email,workflow...
2025-07-22 07:08:57.527 [info] Getting sessions for user:email...
2025-07-22 07:08:57.527 [info] Got 1 sessions for user:email...
2025-07-22 07:08:59.104 [info] Getting sessions for all scopes...
2025-07-22 07:08:59.104 [info] Got 1 sessions for ...
2025-07-22 07:08:59.112 [info] Getting sessions for read:user,repo,user:email,workflow...
2025-07-22 07:08:59.112 [info] Got 0 sessions for read:user,repo,user:email,workflow...
2025-07-22 07:08:59.113 [info] Getting sessions for user:email...
2025-07-22 07:08:59.113 [info] Got 1 sessions for user:email...
2025-07-22 07:09:26.960 [info] Getting sessions for all scopes...
2025-07-22 07:09:26.960 [info] Got 1 sessions for ...
2025-07-22 07:09:26.961 [info] Getting sessions for read:user,repo,user:email,workflow...
2025-07-22 07:09:26.961 [info] Got 0 sessions for read:user,repo,user:email,workflow...
2025-07-22 07:09:26.962 [info] Getting sessions for user:email...
2025-07-22 07:09:26.962 [info] Got 1 sessions for user:email...
2025-07-22 07:09:33.598 [info] Getting sessions for all scopes...
2025-07-22 07:09:33.598 [info] Got 1 sessions for ...
2025-07-22 07:09:33.628 [info] Getting sessions for read:user,repo,user:email,workflow...
2025-07-22 07:09:33.628 [info] Got 0 sessions for read:user,repo,user:email,workflow...
2025-07-22 07:09:33.633 [info] Getting sessions for user:email...
2025-07-22 07:09:33.633 [info] Got 1 sessions for user:email...
2025-07-22 07:10:03.529 [info] Getting sessions for all scopes...
2025-07-22 07:10:03.529 [info] Got 1 sessions for ...
2025-07-22 07:10:03.534 [info] Getting sessions for read:user,repo,user:email,workflow...
2025-07-22 07:10:03.534 [info] Got 0 sessions for read:user,repo,user:email,workflow...
2025-07-22 07:10:03.535 [info] Getting sessions for user:email...
2025-07-22 07:10:03.535 [info] Got 1 sessions for user:email...
2025-07-22 07:10:05.031 [info] Getting sessions for all scopes...
2025-07-22 07:10:05.031 [info] Got 1 sessions for ...
2025-07-22 07:10:05.042 [info] Getting sessions for read:user,repo,user:email,workflow...
2025-07-22 07:10:05.042 [info] Got 0 sessions for read:user,repo,user:email,workflow...
2025-07-22 07:10:05.045 [info] Getting sessions for user:email...
2025-07-22 07:10:05.045 [info] Got 1 sessions for user:email...
2025-07-22 07:10:12.903 [info] Getting sessions for all scopes...
2025-07-22 07:10:12.903 [info] Got 1 sessions for ...
2025-07-22 07:10:12.910 [info] Getting sessions for read:user,repo,user:email,workflow...
2025-07-22 07:10:12.910 [info] Got 0 sessions for read:user,repo,user:email,workflow...
2025-07-22 07:10:12.919 [info] Getting sessions for user:email...
2025-07-22 07:10:12.919 [info] Got 1 sessions for user:email...
2025-07-22 07:10:15.784 [info] Getting sessions for all scopes...
2025-07-22 07:10:15.785 [info] Got 1 sessions for ...
2025-07-22 07:10:15.791 [info] Getting sessions for read:user,repo,user:email,workflow...
2025-07-22 07:10:15.791 [info] Got 0 sessions for read:user,repo,user:email,workflow...
2025-07-22 07:10:15.794 [info] Getting sessions for user:email...
2025-07-22 07:10:15.794 [info] Got 1 sessions for user:email...
2025-07-22 07:10:45.100 [info] Getting sessions for all scopes...
2025-07-22 07:10:45.100 [info] Got 1 sessions for ...
2025-07-22 07:10:45.102 [info] Getting sessions for read:user,repo,user:email,workflow...
2025-07-22 07:10:45.102 [info] Got 0 sessions for read:user,repo,user:email,workflow...
2025-07-22 07:10:45.103 [info] Getting sessions for user:email...
2025-07-22 07:10:45.103 [info] Got 1 sessions for user:email...
2025-07-22 07:10:49.329 [info] Getting sessions for all scopes...
2025-07-22 07:10:49.329 [info] Got 1 sessions for ...
2025-07-22 07:10:49.331 [info] Getting sessions for read:user,repo,user:email,workflow...
2025-07-22 07:10:49.332 [info] Got 0 sessions for read:user,repo,user:email,workflow...
2025-07-22 07:10:49.333 [info] Getting sessions for user:email...
2025-07-22 07:10:49.333 [info] Got 1 sessions for user:email...
2025-07-22 07:10:49.746 [info] Getting sessions for all scopes...
2025-07-22 07:10:49.746 [info] Got 1 sessions for ...
2025-07-22 07:10:49.756 [info] Getting sessions for read:user,repo,user:email,workflow...
2025-07-22 07:10:49.756 [info] Got 0 sessions for read:user,repo,user:email,workflow...
2025-07-22 07:10:49.758 [info] Getting sessions for user:email...
2025-07-22 07:10:49.758 [info] Got 1 sessions for user:email...
2025-07-22 07:12:44.401 [info] Getting sessions for all scopes...
2025-07-22 07:12:44.401 [info] Got 1 sessions for ...
2025-07-22 07:12:44.403 [info] Getting sessions for read:user,repo,user:email,workflow...
2025-07-22 07:12:44.403 [info] Got 0 sessions for read:user,repo,user:email,workflow...
2025-07-22 07:12:44.405 [info] Getting sessions for user:email...
2025-07-22 07:12:44.405 [info] Got 1 sessions for user:email...
2025-07-22 07:12:44.408 [info] Getting sessions for all scopes...
2025-07-22 07:12:44.408 [info] Got 1 sessions for ...
2025-07-22 07:12:44.411 [info] Getting sessions for read:user,repo,user:email,workflow...
2025-07-22 07:12:44.411 [info] Got 0 sessions for read:user,repo,user:email,workflow...
2025-07-22 07:12:44.417 [info] Getting sessions for user:email...
2025-07-22 07:12:44.417 [info] Got 1 sessions for user:email...
2025-07-22 07:12:45.215 [info] Getting sessions for all scopes...
2025-07-22 07:12:45.215 [info] Got 1 sessions for ...
2025-07-22 07:12:45.215 [info] Getting sessions for all scopes...
2025-07-22 07:12:45.215 [info] Got 1 sessions for ...
2025-07-22 07:12:45.218 [info] Getting sessions for read:user,repo,user:email,workflow...
2025-07-22 07:12:45.218 [info] Got 0 sessions for read:user,repo,user:email,workflow...
2025-07-22 07:12:45.220 [info] Getting sessions for user:email...
2025-07-22 07:12:45.220 [info] Got 1 sessions for user:email...
2025-07-22 07:12:45.220 [info] Getting sessions for read:user,repo,user:email,workflow...
2025-07-22 07:12:45.220 [info] Got 0 sessions for read:user,repo,user:email,workflow...
2025-07-22 07:12:45.222 [info] Getting sessions for all scopes...
2025-07-22 07:12:45.222 [info] Got 1 sessions for ...
2025-07-22 07:12:45.224 [info] Getting sessions for read:user,repo,user:email,workflow...
2025-07-22 07:12:45.224 [info] Got 0 sessions for read:user,repo,user:email,workflow...
2025-07-22 07:12:45.226 [info] Getting sessions for user:email...
2025-07-22 07:12:45.226 [info] Got 1 sessions for user:email...
2025-07-22 07:12:45.232 [info] Getting sessions for all scopes...
2025-07-22 07:12:45.232 [info] Got 1 sessions for ...
2025-07-22 07:12:45.232 [info] Getting sessions for all scopes...
2025-07-22 07:12:45.232 [info] Got 1 sessions for ...
2025-07-22 07:12:45.234 [info] Getting sessions for read:user,repo,user:email,workflow...
2025-07-22 07:12:45.234 [info] Got 0 sessions for read:user,repo,user:email,workflow...
2025-07-22 07:12:45.236 [info] Getting sessions for user:email...
2025-07-22 07:12:45.236 [info] Got 1 sessions for user:email...
2025-07-22 07:12:45.236 [info] Getting sessions for read:user,repo,user:email,workflow...
2025-07-22 07:12:45.236 [info] Got 0 sessions for read:user,repo,user:email,workflow...
2025-07-22 07:12:45.245 [info] Getting sessions for all scopes...
2025-07-22 07:12:45.245 [info] Got 1 sessions for ...
2025-07-22 07:12:45.247 [info] Getting sessions for read:user,repo,user:email,workflow...
2025-07-22 07:12:45.247 [info] Got 0 sessions for read:user,repo,user:email,workflow...
2025-07-22 07:12:45.249 [info] Getting sessions for user:email...
2025-07-22 07:12:45.249 [info] Got 1 sessions for user:email...
2025-07-22 07:12:45.938 [info] Getting sessions for all scopes...
2025-07-22 07:12:45.938 [info] Got 1 sessions for ...
2025-07-22 07:12:45.939 [info] Getting sessions for read:user,repo,user:email,workflow...
2025-07-22 07:12:45.939 [info] Got 0 sessions for read:user,repo,user:email,workflow...
2025-07-22 07:12:45.941 [info] Getting sessions for user:email...
2025-07-22 07:12:45.941 [info] Got 1 sessions for user:email...
2025-07-22 07:12:49.304 [info] Getting sessions for all scopes...
2025-07-22 07:12:49.304 [info] Got 1 sessions for ...
2025-07-22 07:12:49.314 [info] Getting sessions for read:user,repo,user:email,workflow...
2025-07-22 07:12:49.314 [info] Got 0 sessions for read:user,repo,user:email,workflow...
2025-07-22 07:12:49.315 [info] Getting sessions for user:email...
2025-07-22 07:12:49.315 [info] Got 1 sessions for user:email...
2025-07-22 07:13:22.522 [info] Getting sessions for all scopes...
2025-07-22 07:13:22.522 [info] Got 1 sessions for ...
2025-07-22 07:13:22.524 [info] Getting sessions for read:user,repo,user:email,workflow...
2025-07-22 07:13:22.524 [info] Got 0 sessions for read:user,repo,user:email,workflow...
2025-07-22 07:13:22.526 [info] Getting sessions for user:email...
2025-07-22 07:13:22.526 [info] Got 1 sessions for user:email...
2025-07-22 07:13:25.107 [info] Getting sessions for all scopes...
2025-07-22 07:13:25.107 [info] Got 1 sessions for ...
2025-07-22 07:13:25.116 [info] Getting sessions for read:user,repo,user:email,workflow...
2025-07-22 07:13:25.116 [info] Got 0 sessions for read:user,repo,user:email,workflow...
2025-07-22 07:13:25.121 [info] Getting sessions for user:email...
2025-07-22 07:13:25.121 [info] Got 1 sessions for user:email...
2025-07-22 07:15:12.214 [info] Getting sessions for all scopes...
2025-07-22 07:15:12.214 [info] Got 1 sessions for ...
2025-07-22 07:15:12.218 [info] Getting sessions for read:user,repo,user:email,workflow...
2025-07-22 07:15:12.218 [info] Got 0 sessions for read:user,repo,user:email,workflow...
2025-07-22 07:15:12.219 [info] Getting sessions for user:email...
2025-07-22 07:15:12.219 [info] Got 1 sessions for user:email...
2025-07-22 07:15:20.833 [info] Getting sessions for all scopes...
2025-07-22 07:15:20.833 [info] Got 1 sessions for ...
2025-07-22 07:15:20.866 [info] Getting sessions for read:user,repo,user:email,workflow...
2025-07-22 07:15:20.866 [info] Got 0 sessions for read:user,repo,user:email,workflow...
2025-07-22 07:15:20.868 [info] Getting sessions for user:email...
2025-07-22 07:15:20.868 [info] Got 1 sessions for user:email...
2025-07-22 07:16:08.936 [info] Getting sessions for all scopes...
2025-07-22 07:16:08.936 [info] Got 1 sessions for ...
2025-07-22 07:16:08.938 [info] Getting sessions for read:user,repo,user:email,workflow...
2025-07-22 07:16:08.938 [info] Got 0 sessions for read:user,repo,user:email,workflow...
2025-07-22 07:16:08.940 [info] Getting sessions for user:email...
2025-07-22 07:16:08.940 [info] Got 1 sessions for user:email...
2025-07-22 07:16:14.145 [info] Getting sessions for read:user,repo,user:email,workflow...
2025-07-22 07:16:14.145 [info] Got 0 sessions for read:user,repo,user:email,workflow...
2025-07-22 07:16:14.149 [info] Getting sessions for read:user...
2025-07-22 07:16:14.149 [info] Got 0 sessions for read:user...
2025-07-22 07:16:14.151 [info] Getting sessions for user:email...
2025-07-22 07:16:14.151 [info] Got 1 sessions for user:email...
2025-07-22 07:16:19.108 [info] Getting sessions for all scopes...
2025-07-22 07:16:19.109 [info] Got 1 sessions for ...
2025-07-22 07:16:19.114 [info] Getting sessions for read:user,repo,user:email,workflow...
2025-07-22 07:16:19.114 [info] Got 0 sessions for read:user,repo,user:email,workflow...
2025-07-22 07:16:19.116 [info] Getting sessions for user:email...
2025-07-22 07:16:19.116 [info] Got 1 sessions for user:email...
2025-07-22 07:16:24.401 [info] Getting sessions for all scopes...
2025-07-22 07:16:24.401 [info] Got 1 sessions for ...
2025-07-22 07:16:24.414 [info] Getting sessions for read:user,repo,user:email,workflow...
2025-07-22 07:16:24.414 [info] Got 0 sessions for read:user,repo,user:email,workflow...
2025-07-22 07:16:24.420 [info] Getting sessions for user:email...
2025-07-22 07:16:24.420 [info] Got 1 sessions for user:email...
2025-07-22 07:16:42.983 [info] Getting sessions for all scopes...
2025-07-22 07:16:42.983 [info] Got 1 sessions for ...
2025-07-22 07:16:42.985 [info] Getting sessions for read:user,repo,user:email,workflow...
2025-07-22 07:16:42.985 [info] Got 0 sessions for read:user,repo,user:email,workflow...
2025-07-22 07:16:42.988 [info] Getting sessions for user:email...
2025-07-22 07:16:42.988 [info] Got 1 sessions for user:email...
2025-07-22 07:16:52.496 [info] Getting sessions for all scopes...
2025-07-22 07:16:52.496 [info] Got 1 sessions for ...
2025-07-22 07:16:52.508 [info] Getting sessions for read:user,repo,user:email,workflow...
2025-07-22 07:16:52.508 [info] Got 0 sessions for read:user,repo,user:email,workflow...
2025-07-22 07:16:52.510 [info] Getting sessions for user:email...
2025-07-22 07:16:52.510 [info] Got 1 sessions for user:email...
2025-07-22 07:18:05.378 [info] Getting sessions for all scopes...
2025-07-22 07:18:05.379 [info] Got 1 sessions for ...
2025-07-22 07:18:05.380 [info] Getting sessions for read:user,repo,user:email,workflow...
2025-07-22 07:18:05.380 [info] Got 0 sessions for read:user,repo,user:email,workflow...
2025-07-22 07:18:05.382 [info] Getting sessions for user:email...
2025-07-22 07:18:05.382 [info] Got 1 sessions for user:email...
2025-07-22 07:18:12.151 [info] Getting sessions for all scopes...
2025-07-22 07:18:12.151 [info] Got 1 sessions for ...
2025-07-22 07:18:12.155 [info] Getting sessions for read:user,repo,user:email,workflow...
2025-07-22 07:18:12.155 [info] Got 0 sessions for read:user,repo,user:email,workflow...
2025-07-22 07:18:12.160 [info] Getting sessions for user:email...
2025-07-22 07:18:12.160 [info] Got 1 sessions for user:email...
2025-07-22 07:19:43.046 [info] Getting sessions for all scopes...
2025-07-22 07:19:43.046 [info] Got 1 sessions for ...
2025-07-22 07:19:43.048 [info] Getting sessions for read:user,repo,user:email,workflow...
2025-07-22 07:19:43.048 [info] Got 0 sessions for read:user,repo,user:email,workflow...
2025-07-22 07:19:43.049 [info] Getting sessions for user:email...
2025-07-22 07:19:43.049 [info] Got 1 sessions for user:email...
2025-07-22 07:19:50.432 [info] Getting sessions for all scopes...
2025-07-22 07:19:50.432 [info] Got 1 sessions for ...
2025-07-22 07:19:50.441 [info] Getting sessions for read:user,repo,user:email,workflow...
2025-07-22 07:19:50.441 [info] Got 0 sessions for read:user,repo,user:email,workflow...
2025-07-22 07:19:50.442 [info] Getting sessions for user:email...
2025-07-22 07:19:50.442 [info] Got 1 sessions for user:email...
2025-07-22 07:21:32.787 [info] Getting sessions for all scopes...
2025-07-22 07:21:32.787 [info] Got 1 sessions for ...
2025-07-22 07:21:32.789 [info] Getting sessions for read:user,repo,user:email,workflow...
2025-07-22 07:21:32.789 [info] Got 0 sessions for read:user,repo,user:email,workflow...
2025-07-22 07:21:32.791 [info] Getting sessions for user:email...
2025-07-22 07:21:32.791 [info] Got 1 sessions for user:email...
2025-07-22 07:21:35.707 [info] Getting sessions for all scopes...
2025-07-22 07:21:35.707 [info] Got 1 sessions for ...
2025-07-22 07:21:35.714 [info] Getting sessions for read:user,repo,user:email,workflow...
2025-07-22 07:21:35.714 [info] Got 0 sessions for read:user,repo,user:email,workflow...
2025-07-22 07:21:35.716 [info] Getting sessions for user:email...
2025-07-22 07:21:35.716 [info] Got 1 sessions for user:email...
2025-07-22 07:22:29.696 [info] Getting sessions for all scopes...
2025-07-22 07:22:29.696 [info] Got 1 sessions for ...
2025-07-22 07:22:29.698 [info] Getting sessions for read:user,repo,user:email,workflow...
2025-07-22 07:22:29.698 [info] Got 0 sessions for read:user,repo,user:email,workflow...
2025-07-22 07:22:29.700 [info] Getting sessions for user:email...
2025-07-22 07:22:29.700 [info] Got 1 sessions for user:email...
2025-07-22 07:22:33.126 [info] Getting sessions for all scopes...
2025-07-22 07:22:33.126 [info] Got 1 sessions for ...
2025-07-22 07:22:33.131 [info] Getting sessions for read:user,repo,user:email,workflow...
2025-07-22 07:22:33.131 [info] Got 0 sessions for read:user,repo,user:email,workflow...
2025-07-22 07:22:33.136 [info] Getting sessions for user:email...
2025-07-22 07:22:33.136 [info] Got 1 sessions for user:email...
2025-07-22 07:23:43.429 [info] Getting sessions for all scopes...
2025-07-22 07:23:43.429 [info] Got 1 sessions for ...
2025-07-22 07:23:43.524 [info] Getting sessions for read:user,repo,user:email,workflow...
2025-07-22 07:23:43.524 [info] Got 0 sessions for read:user,repo,user:email,workflow...
2025-07-22 07:23:43.556 [info] Getting sessions for user:email...
2025-07-22 07:23:43.556 [info] Got 1 sessions for user:email...
2025-07-22 07:23:44.366 [info] Getting sessions for all scopes...
2025-07-22 07:23:44.366 [info] Got 1 sessions for ...
2025-07-22 07:23:44.369 [info] Getting sessions for read:user,repo,user:email,workflow...
2025-07-22 07:23:44.369 [info] Got 0 sessions for read:user,repo,user:email,workflow...
2025-07-22 07:23:44.370 [info] Getting sessions for user:email...
2025-07-22 07:23:44.371 [info] Got 1 sessions for user:email...
2025-07-22 07:23:44.993 [info] Getting sessions for all scopes...
2025-07-22 07:23:44.993 [info] Got 1 sessions for ...
2025-07-22 07:23:45.015 [info] Getting sessions for read:user,repo,user:email,workflow...
2025-07-22 07:23:45.015 [info] Got 0 sessions for read:user,repo,user:email,workflow...
2025-07-22 07:23:45.017 [info] Getting sessions for user:email...
2025-07-22 07:23:45.017 [info] Got 1 sessions for user:email...
2025-07-22 07:24:25.388 [info] Getting sessions for all scopes...
2025-07-22 07:24:25.388 [info] Got 1 sessions for ...
2025-07-22 07:24:25.393 [info] Getting sessions for read:user,repo,user:email,workflow...
2025-07-22 07:24:25.393 [info] Got 0 sessions for read:user,repo,user:email,workflow...
2025-07-22 07:24:25.396 [info] Getting sessions for user:email...
2025-07-22 07:24:25.396 [info] Got 1 sessions for user:email...
2025-07-22 07:24:27.307 [info] Getting sessions for all scopes...
2025-07-22 07:24:27.307 [info] Got 1 sessions for ...
2025-07-22 07:24:27.322 [info] Getting sessions for read:user,repo,user:email,workflow...
2025-07-22 07:24:27.322 [info] Got 0 sessions for read:user,repo,user:email,workflow...
2025-07-22 07:24:27.323 [info] Getting sessions for user:email...
2025-07-22 07:24:27.323 [info] Got 1 sessions for user:email...
2025-07-22 07:27:45.465 [info] Getting sessions for all scopes...
2025-07-22 07:27:45.465 [info] Got 1 sessions for ...
2025-07-22 07:27:45.467 [info] Getting sessions for read:user,repo,user:email,workflow...
2025-07-22 07:27:45.467 [info] Got 0 sessions for read:user,repo,user:email,workflow...
2025-07-22 07:27:45.469 [info] Getting sessions for user:email...
2025-07-22 07:27:45.469 [info] Got 1 sessions for user:email...
2025-07-22 07:36:11.189 [info] Getting sessions for all scopes...
2025-07-22 07:36:11.189 [info] Got 1 sessions for ...
2025-07-22 07:36:11.192 [info] Getting sessions for read:user,repo,user:email,workflow...
2025-07-22 07:36:11.193 [info] Got 0 sessions for read:user,repo,user:email,workflow...
2025-07-22 07:36:11.194 [info] Getting sessions for user:email...
2025-07-22 07:36:11.195 [info] Got 1 sessions for user:email...
2025-07-22 07:36:11.196 [info] Getting sessions for all scopes...
2025-07-22 07:36:11.196 [info] Got 1 sessions for ...
2025-07-22 07:36:11.198 [info] Getting sessions for read:user,repo,user:email,workflow...
2025-07-22 07:36:11.198 [info] Got 0 sessions for read:user,repo,user:email,workflow...
2025-07-22 07:36:11.200 [info] Getting sessions for user:email...
2025-07-22 07:36:11.200 [info] Got 1 sessions for user:email...
2025-07-22 07:36:11.951 [info] Getting sessions for all scopes...
2025-07-22 07:36:11.951 [info] Got 1 sessions for ...
2025-07-22 07:36:11.952 [info] Getting sessions for all scopes...
2025-07-22 07:36:11.952 [info] Got 1 sessions for ...
2025-07-22 07:36:11.954 [info] Getting sessions for read:user,repo,user:email,workflow...
2025-07-22 07:36:11.954 [info] Got 0 sessions for read:user,repo,user:email,workflow...
2025-07-22 07:36:11.958 [info] Getting sessions for user:email...
2025-07-22 07:36:11.958 [info] Got 1 sessions for user:email...
2025-07-22 07:36:11.959 [info] Getting sessions for read:user,repo,user:email,workflow...
2025-07-22 07:36:11.959 [info] Got 0 sessions for read:user,repo,user:email,workflow...
2025-07-22 07:36:11.960 [info] Getting sessions for all scopes...
2025-07-22 07:36:11.960 [info] Got 1 sessions for ...
2025-07-22 07:36:11.962 [info] Getting sessions for read:user,repo,user:email,workflow...
2025-07-22 07:36:11.962 [info] Got 0 sessions for read:user,repo,user:email,workflow...
2025-07-22 07:36:11.963 [info] Getting sessions for user:email...
2025-07-22 07:36:11.963 [info] Got 1 sessions for user:email...
2025-07-22 07:36:11.969 [info] Getting sessions for all scopes...
2025-07-22 07:36:11.969 [info] Got 1 sessions for ...
2025-07-22 07:36:11.970 [info] Getting sessions for all scopes...
2025-07-22 07:36:11.970 [info] Got 1 sessions for ...
2025-07-22 07:36:11.974 [info] Getting sessions for read:user,repo,user:email,workflow...
2025-07-22 07:36:11.974 [info] Got 0 sessions for read:user,repo,user:email,workflow...
2025-07-22 07:36:11.975 [info] Getting sessions for user:email...
2025-07-22 07:36:11.975 [info] Got 1 sessions for user:email...
2025-07-22 07:36:11.976 [info] Getting sessions for read:user,repo,user:email,workflow...
2025-07-22 07:36:11.976 [info] Got 0 sessions for read:user,repo,user:email,workflow...
2025-07-22 07:36:11.984 [info] Getting sessions for all scopes...
2025-07-22 07:36:11.984 [info] Got 1 sessions for ...
2025-07-22 07:36:11.985 [info] Getting sessions for read:user,repo,user:email,workflow...
2025-07-22 07:36:11.985 [info] Got 0 sessions for read:user,repo,user:email,workflow...
2025-07-22 07:36:11.987 [info] Getting sessions for user:email...
2025-07-22 07:36:11.987 [info] Got 1 sessions for user:email...
2025-07-22 07:36:12.936 [info] Getting sessions for all scopes...
2025-07-22 07:36:12.936 [info] Got 1 sessions for ...
2025-07-22 07:36:12.937 [info] Getting sessions for read:user,repo,user:email,workflow...
2025-07-22 07:36:12.937 [info] Got 0 sessions for read:user,repo,user:email,workflow...
2025-07-22 07:36:12.940 [info] Getting sessions for user:email...
2025-07-22 07:36:12.940 [info] Got 1 sessions for user:email...
2025-07-22 07:36:14.130 [info] Getting sessions for all scopes...
2025-07-22 07:36:14.130 [info] Got 1 sessions for ...
2025-07-22 07:36:14.133 [info] Getting sessions for read:user,repo,user:email,workflow...
2025-07-22 07:36:14.133 [info] Got 0 sessions for read:user,repo,user:email,workflow...
2025-07-22 07:36:14.134 [info] Getting sessions for user:email...
2025-07-22 07:36:14.134 [info] Got 1 sessions for user:email...
2025-07-22 07:40:59.025 [info] Getting sessions for all scopes...
2025-07-22 07:40:59.025 [info] Got 1 sessions for ...
2025-07-22 07:40:59.036 [info] Getting sessions for read:user,repo,user:email,workflow...
2025-07-22 07:40:59.036 [info] Got 0 sessions for read:user,repo,user:email,workflow...
2025-07-22 07:40:59.040 [info] Getting sessions for user:email...
2025-07-22 07:40:59.040 [info] Got 1 sessions for user:email...
2025-07-22 07:41:00.477 [info] Getting sessions for all scopes...
2025-07-22 07:41:00.477 [info] Got 1 sessions for ...
2025-07-22 07:41:00.480 [info] Getting sessions for read:user,repo,user:email,workflow...
2025-07-22 07:41:00.480 [info] Got 0 sessions for read:user,repo,user:email,workflow...
2025-07-22 07:41:00.482 [info] Getting sessions for user:email...
2025-07-22 07:41:00.482 [info] Got 1 sessions for user:email...
2025-07-22 07:41:25.199 [info] Getting sessions for read:user,repo,user:email,workflow...
2025-07-22 07:41:25.200 [info] Got 0 sessions for read:user,repo,user:email,workflow...
2025-07-22 07:41:25.203 [info] Getting sessions for read:user...
2025-07-22 07:41:25.203 [info] Got 0 sessions for read:user...
2025-07-22 07:41:25.216 [info] Getting sessions for user:email...
2025-07-22 07:41:25.216 [info] Got 1 sessions for user:email...
2025-07-22 07:42:53.449 [info] Getting sessions for all scopes...
2025-07-22 07:42:53.449 [info] Got 1 sessions for ...
2025-07-22 07:42:53.451 [info] Getting sessions for read:user,repo,user:email,workflow...
2025-07-22 07:42:53.451 [info] Got 0 sessions for read:user,repo,user:email,workflow...
2025-07-22 07:42:53.452 [info] Getting sessions for user:email...
2025-07-22 07:42:53.452 [info] Got 1 sessions for user:email...
2025-07-22 07:42:56.061 [info] Getting sessions for all scopes...
2025-07-22 07:42:56.061 [info] Got 1 sessions for ...
2025-07-22 07:42:56.068 [info] Getting sessions for read:user,repo,user:email,workflow...
2025-07-22 07:42:56.068 [info] Got 0 sessions for read:user,repo,user:email,workflow...
2025-07-22 07:42:56.070 [info] Getting sessions for user:email...
2025-07-22 07:42:56.070 [info] Got 1 sessions for user:email...
2025-07-22 07:47:58.123 [info] Getting sessions for all scopes...
2025-07-22 07:47:58.123 [info] Got 1 sessions for ...
2025-07-22 07:47:58.126 [info] Getting sessions for read:user,repo,user:email,workflow...
2025-07-22 07:47:58.126 [info] Got 0 sessions for read:user,repo,user:email,workflow...
2025-07-22 07:47:58.128 [info] Getting sessions for user:email...
2025-07-22 07:47:58.128 [info] Got 1 sessions for user:email...
2025-07-22 07:47:59.217 [info] Getting sessions for all scopes...
2025-07-22 07:47:59.217 [info] Got 1 sessions for ...
2025-07-22 07:47:59.219 [info] Getting sessions for read:user,repo,user:email,workflow...
2025-07-22 07:47:59.219 [info] Got 0 sessions for read:user,repo,user:email,workflow...
2025-07-22 07:47:59.221 [info] Getting sessions for user:email...
2025-07-22 07:47:59.221 [info] Got 1 sessions for user:email...
2025-07-22 07:48:00.837 [info] Getting sessions for all scopes...
2025-07-22 07:48:00.837 [info] Got 1 sessions for ...
2025-07-22 07:48:00.845 [info] Getting sessions for read:user,repo,user:email,workflow...
2025-07-22 07:48:00.845 [info] Got 0 sessions for read:user,repo,user:email,workflow...
2025-07-22 07:48:00.847 [info] Getting sessions for user:email...
2025-07-22 07:48:00.847 [info] Got 1 sessions for user:email...
2025-07-22 07:48:43.026 [info] Getting sessions for all scopes...
2025-07-22 07:48:43.027 [info] Got 1 sessions for ...
2025-07-22 07:48:43.029 [info] Getting sessions for read:user,repo,user:email,workflow...
2025-07-22 07:48:43.029 [info] Got 0 sessions for read:user,repo,user:email,workflow...
2025-07-22 07:48:43.032 [info] Getting sessions for user:email...
2025-07-22 07:48:43.032 [info] Got 1 sessions for user:email...
2025-07-22 07:48:47.700 [info] Getting sessions for all scopes...
2025-07-22 07:48:47.700 [info] Got 1 sessions for ...
2025-07-22 07:48:47.709 [info] Getting sessions for read:user,repo,user:email,workflow...
2025-07-22 07:48:47.709 [info] Got 0 sessions for read:user,repo,user:email,workflow...
2025-07-22 07:48:47.711 [info] Getting sessions for user:email...
2025-07-22 07:48:47.711 [info] Got 1 sessions for user:email...
2025-07-22 07:49:34.525 [info] Getting sessions for all scopes...
2025-07-22 07:49:34.525 [info] Got 1 sessions for ...
2025-07-22 07:49:34.527 [info] Getting sessions for read:user,repo,user:email,workflow...
2025-07-22 07:49:34.527 [info] Got 0 sessions for read:user,repo,user:email,workflow...
2025-07-22 07:49:34.529 [info] Getting sessions for user:email...
2025-07-22 07:49:34.529 [info] Got 1 sessions for user:email...
2025-07-22 07:49:35.660 [info] Getting sessions for all scopes...
2025-07-22 07:49:35.660 [info] Got 1 sessions for ...
2025-07-22 07:49:35.686 [info] Getting sessions for read:user,repo,user:email,workflow...
2025-07-22 07:49:35.686 [info] Got 0 sessions for read:user,repo,user:email,workflow...
2025-07-22 07:49:35.693 [info] Getting sessions for user:email...
2025-07-22 07:49:35.693 [info] Got 1 sessions for user:email...
2025-07-22 07:50:41.528 [info] Getting sessions for all scopes...
2025-07-22 07:50:41.528 [info] Got 1 sessions for ...
2025-07-22 07:50:41.531 [info] Getting sessions for read:user,repo,user:email,workflow...
2025-07-22 07:50:41.531 [info] Got 0 sessions for read:user,repo,user:email,workflow...
2025-07-22 07:50:41.533 [info] Getting sessions for user:email...
2025-07-22 07:50:41.533 [info] Got 1 sessions for user:email...
2025-07-22 07:50:43.523 [info] Getting sessions for all scopes...
2025-07-22 07:50:43.523 [info] Got 1 sessions for ...
2025-07-22 07:50:43.532 [info] Getting sessions for read:user,repo,user:email,workflow...
2025-07-22 07:50:43.532 [info] Got 0 sessions for read:user,repo,user:email,workflow...
2025-07-22 07:50:43.534 [info] Getting sessions for user:email...
2025-07-22 07:50:43.535 [info] Got 1 sessions for user:email...
2025-07-22 07:51:12.405 [info] Getting sessions for all scopes...
2025-07-22 07:51:12.406 [info] Got 1 sessions for ...
2025-07-22 07:51:12.408 [info] Getting sessions for read:user,repo,user:email,workflow...
2025-07-22 07:51:12.409 [info] Got 0 sessions for read:user,repo,user:email,workflow...
2025-07-22 07:51:12.411 [info] Getting sessions for user:email...
2025-07-22 07:51:12.411 [info] Got 1 sessions for user:email...
2025-07-22 07:52:07.033 [info] Getting sessions for all scopes...
2025-07-22 07:52:07.033 [info] Got 1 sessions for ...
2025-07-22 07:52:07.036 [info] Getting sessions for read:user,repo,user:email,workflow...
2025-07-22 07:52:07.036 [info] Got 0 sessions for read:user,repo,user:email,workflow...
2025-07-22 07:52:07.039 [info] Getting sessions for user:email...
2025-07-22 07:52:07.039 [info] Got 1 sessions for user:email...
2025-07-22 07:52:09.019 [info] Getting sessions for all scopes...
2025-07-22 07:52:09.019 [info] Got 1 sessions for ...
2025-07-22 07:52:09.029 [info] Getting sessions for read:user,repo,user:email,workflow...
2025-07-22 07:52:09.029 [info] Got 0 sessions for read:user,repo,user:email,workflow...
2025-07-22 07:52:09.031 [info] Getting sessions for user:email...
2025-07-22 07:52:09.031 [info] Got 1 sessions for user:email...
2025-07-22 07:53:02.593 [info] Getting sessions for all scopes...
2025-07-22 07:53:02.593 [info] Got 1 sessions for ...
2025-07-22 07:53:02.597 [info] Getting sessions for read:user,repo,user:email,workflow...
2025-07-22 07:53:02.597 [info] Got 0 sessions for read:user,repo,user:email,workflow...
2025-07-22 07:53:02.599 [info] Getting sessions for user:email...
2025-07-22 07:53:02.600 [info] Got 1 sessions for user:email...
2025-07-22 07:53:10.701 [info] Getting sessions for all scopes...
2025-07-22 07:53:10.701 [info] Got 1 sessions for ...
2025-07-22 07:53:10.703 [info] Getting sessions for read:user,repo,user:email,workflow...
2025-07-22 07:53:10.703 [info] Got 0 sessions for read:user,repo,user:email,workflow...
2025-07-22 07:53:10.704 [info] Getting sessions for user:email...
2025-07-22 07:53:10.704 [info] Got 1 sessions for user:email...
2025-07-22 07:58:11.008 [info] Getting sessions for all scopes...
2025-07-22 07:58:11.008 [info] Got 1 sessions for ...
2025-07-22 07:58:11.011 [info] Getting sessions for read:user,repo,user:email,workflow...
2025-07-22 07:58:11.011 [info] Got 0 sessions for read:user,repo,user:email,workflow...
2025-07-22 07:58:11.016 [info] Getting sessions for user:email...
2025-07-22 07:58:11.016 [info] Got 1 sessions for user:email...
2025-07-22 07:58:11.019 [info] Getting sessions for all scopes...
2025-07-22 07:58:11.019 [info] Got 1 sessions for ...
2025-07-22 07:58:11.022 [info] Getting sessions for read:user,repo,user:email,workflow...
2025-07-22 07:58:11.022 [info] Got 0 sessions for read:user,repo,user:email,workflow...
2025-07-22 07:58:11.023 [info] Getting sessions for user:email...
2025-07-22 07:58:11.023 [info] Got 1 sessions for user:email...
2025-07-22 07:58:11.777 [info] Getting sessions for all scopes...
2025-07-22 07:58:11.777 [info] Got 1 sessions for ...
2025-07-22 07:58:11.777 [info] Getting sessions for all scopes...
2025-07-22 07:58:11.777 [info] Got 1 sessions for ...
2025-07-22 07:58:11.791 [info] Getting sessions for read:user,repo,user:email,workflow...
2025-07-22 07:58:11.791 [info] Got 0 sessions for read:user,repo,user:email,workflow...
2025-07-22 07:58:11.793 [info] Getting sessions for user:email...
2025-07-22 07:58:11.793 [info] Got 1 sessions for user:email...
2025-07-22 07:58:11.793 [info] Getting sessions for read:user,repo,user:email,workflow...
2025-07-22 07:58:11.793 [info] Got 0 sessions for read:user,repo,user:email,workflow...
2025-07-22 07:58:11.795 [info] Getting sessions for all scopes...
2025-07-22 07:58:11.796 [info] Got 1 sessions for ...
2025-07-22 07:58:11.798 [info] Getting sessions for read:user,repo,user:email,workflow...
2025-07-22 07:58:11.798 [info] Got 0 sessions for read:user,repo,user:email,workflow...
2025-07-22 07:58:11.799 [info] Getting sessions for user:email...
2025-07-22 07:58:11.799 [info] Got 1 sessions for user:email...
2025-07-22 07:58:11.802 [info] Getting sessions for all scopes...
2025-07-22 07:58:11.802 [info] Got 1 sessions for ...
2025-07-22 07:58:11.802 [info] Getting sessions for all scopes...
2025-07-22 07:58:11.802 [info] Got 1 sessions for ...
2025-07-22 07:58:11.804 [info] Getting sessions for read:user,repo,user:email,workflow...
2025-07-22 07:58:11.804 [info] Got 0 sessions for read:user,repo,user:email,workflow...
2025-07-22 07:58:11.805 [info] Getting sessions for user:email...
2025-07-22 07:58:11.805 [info] Got 1 sessions for user:email...
2025-07-22 07:58:11.805 [info] Getting sessions for read:user,repo,user:email,workflow...
2025-07-22 07:58:11.805 [info] Got 0 sessions for read:user,repo,user:email,workflow...
2025-07-22 07:58:11.811 [info] Getting sessions for all scopes...
2025-07-22 07:58:11.811 [info] Got 1 sessions for ...
2025-07-22 07:58:11.812 [info] Getting sessions for read:user,repo,user:email,workflow...
2025-07-22 07:58:11.812 [info] Got 0 sessions for read:user,repo,user:email,workflow...
2025-07-22 07:58:11.813 [info] Getting sessions for user:email...
2025-07-22 07:58:11.813 [info] Got 1 sessions for user:email...
2025-07-22 07:58:12.873 [info] Getting sessions for all scopes...
2025-07-22 07:58:12.874 [info] Got 1 sessions for ...
2025-07-22 07:58:12.887 [info] Getting sessions for read:user,repo,user:email,workflow...
2025-07-22 07:58:12.887 [info] Got 0 sessions for read:user,repo,user:email,workflow...
2025-07-22 07:58:12.889 [info] Getting sessions for user:email...
2025-07-22 07:58:12.889 [info] Got 1 sessions for user:email...
2025-07-22 07:58:16.595 [info] Getting sessions for all scopes...
2025-07-22 07:58:16.595 [info] Got 1 sessions for ...
2025-07-22 07:58:16.608 [info] Getting sessions for read:user,repo,user:email,workflow...
2025-07-22 07:58:16.608 [info] Got 0 sessions for read:user,repo,user:email,workflow...
2025-07-22 07:58:16.614 [info] Getting sessions for user:email...
2025-07-22 07:58:16.614 [info] Got 1 sessions for user:email...
2025-07-22 07:58:43.771 [info] Getting sessions for all scopes...
2025-07-22 07:58:43.771 [info] Got 1 sessions for ...
2025-07-22 07:58:43.774 [info] Getting sessions for read:user,repo,user:email,workflow...
2025-07-22 07:58:43.774 [info] Got 0 sessions for read:user,repo,user:email,workflow...
2025-07-22 07:58:43.777 [info] Getting sessions for user:email...
2025-07-22 07:58:43.777 [info] Got 1 sessions for user:email...
2025-07-22 07:58:46.697 [info] Getting sessions for all scopes...
2025-07-22 07:58:46.697 [info] Got 1 sessions for ...
2025-07-22 07:58:46.711 [info] Getting sessions for read:user,repo,user:email,workflow...
2025-07-22 07:58:46.711 [info] Got 0 sessions for read:user,repo,user:email,workflow...
2025-07-22 07:58:46.714 [info] Getting sessions for user:email...
2025-07-22 07:58:46.714 [info] Got 1 sessions for user:email...
2025-07-22 08:00:54.594 [info] Getting sessions for all scopes...
2025-07-22 08:00:54.594 [info] Got 1 sessions for ...
2025-07-22 08:00:54.596 [info] Getting sessions for read:user,repo,user:email,workflow...
2025-07-22 08:00:54.596 [info] Got 0 sessions for read:user,repo,user:email,workflow...
2025-07-22 08:00:54.598 [info] Getting sessions for user:email...
2025-07-22 08:00:54.598 [info] Got 1 sessions for user:email...
2025-07-22 08:01:00.211 [info] Getting sessions for all scopes...
2025-07-22 08:01:00.211 [info] Got 1 sessions for ...
2025-07-22 08:01:00.218 [info] Getting sessions for read:user,repo,user:email,workflow...
2025-07-22 08:01:00.218 [info] Got 0 sessions for read:user,repo,user:email,workflow...
2025-07-22 08:01:00.221 [info] Getting sessions for user:email...
2025-07-22 08:01:00.221 [info] Got 1 sessions for user:email...
2025-07-22 08:02:14.131 [info] Getting sessions for all scopes...
2025-07-22 08:02:14.131 [info] Got 1 sessions for ...
2025-07-22 08:02:14.132 [info] Getting sessions for read:user,repo,user:email,workflow...
2025-07-22 08:02:14.132 [info] Got 0 sessions for read:user,repo,user:email,workflow...
2025-07-22 08:02:14.134 [info] Getting sessions for user:email...
2025-07-22 08:02:14.134 [info] Got 1 sessions for user:email...
2025-07-22 08:02:18.866 [info] Getting sessions for all scopes...
2025-07-22 08:02:18.866 [info] Got 1 sessions for ...
2025-07-22 08:02:18.906 [info] Getting sessions for read:user,repo,user:email,workflow...
2025-07-22 08:02:18.906 [info] Got 0 sessions for read:user,repo,user:email,workflow...
2025-07-22 08:02:18.908 [info] Getting sessions for user:email...
2025-07-22 08:02:18.908 [info] Got 1 sessions for user:email...
2025-07-22 08:02:58.761 [info] Getting sessions for all scopes...
2025-07-22 08:02:58.761 [info] Got 1 sessions for ...
2025-07-22 08:02:58.763 [info] Getting sessions for read:user,repo,user:email,workflow...
2025-07-22 08:02:58.763 [info] Got 0 sessions for read:user,repo,user:email,workflow...
2025-07-22 08:02:58.766 [info] Getting sessions for user:email...
2025-07-22 08:02:58.766 [info] Got 1 sessions for user:email...
2025-07-22 08:03:01.272 [info] Getting sessions for all scopes...
2025-07-22 08:03:01.272 [info] Got 1 sessions for ...
2025-07-22 08:03:01.287 [info] Getting sessions for read:user,repo,user:email,workflow...
2025-07-22 08:03:01.287 [info] Got 0 sessions for read:user,repo,user:email,workflow...
2025-07-22 08:03:01.291 [info] Getting sessions for user:email...
2025-07-22 08:03:01.291 [info] Got 1 sessions for user:email...
2025-07-22 08:12:19.308 [info] Getting sessions for all scopes...
2025-07-22 08:12:19.308 [info] Got 1 sessions for ...
2025-07-22 08:12:19.311 [info] Getting sessions for read:user,repo,user:email,workflow...
2025-07-22 08:12:19.311 [info] Got 0 sessions for read:user,repo,user:email,workflow...
2025-07-22 08:12:19.312 [info] Getting sessions for user:email...
2025-07-22 08:12:19.313 [info] Got 1 sessions for user:email...
2025-07-22 08:12:20.524 [info] Getting sessions for all scopes...
2025-07-22 08:12:20.524 [info] Got 1 sessions for ...
2025-07-22 08:12:20.526 [info] Getting sessions for read:user,repo,user:email,workflow...
2025-07-22 08:12:20.526 [info] Got 0 sessions for read:user,repo,user:email,workflow...
2025-07-22 08:12:20.528 [info] Getting sessions for user:email...
2025-07-22 08:12:20.528 [info] Got 1 sessions for user:email...
2025-07-22 08:12:22.421 [info] Getting sessions for all scopes...
2025-07-22 08:12:22.421 [info] Got 1 sessions for ...
2025-07-22 08:12:22.428 [info] Getting sessions for read:user,repo,user:email,workflow...
2025-07-22 08:12:22.428 [info] Got 0 sessions for read:user,repo,user:email,workflow...
2025-07-22 08:12:22.435 [info] Getting sessions for user:email...
2025-07-22 08:12:22.435 [info] Got 1 sessions for user:email...
2025-07-22 08:12:43.365 [info] Getting sessions for read:user,repo,user:email,workflow...
2025-07-22 08:12:43.365 [info] Got 0 sessions for read:user,repo,user:email,workflow...
2025-07-22 08:12:43.370 [info] Getting sessions for read:user...
2025-07-22 08:12:43.370 [info] Got 0 sessions for read:user...
2025-07-22 08:12:43.373 [info] Getting sessions for user:email...
2025-07-22 08:12:43.373 [info] Got 1 sessions for user:email...
2025-07-22 08:13:12.184 [info] Getting sessions for all scopes...
2025-07-22 08:13:12.185 [info] Got 1 sessions for ...
2025-07-22 08:13:12.187 [info] Getting sessions for read:user,repo,user:email,workflow...
2025-07-22 08:13:12.187 [info] Got 0 sessions for read:user,repo,user:email,workflow...
2025-07-22 08:13:12.190 [info] Getting sessions for user:email...
2025-07-22 08:13:12.190 [info] Got 1 sessions for user:email...
2025-07-22 08:13:13.722 [info] Getting sessions for all scopes...
2025-07-22 08:13:13.722 [info] Got 1 sessions for ...
2025-07-22 08:13:13.724 [info] Getting sessions for read:user,repo,user:email,workflow...
2025-07-22 08:13:13.724 [info] Got 0 sessions for read:user,repo,user:email,workflow...
2025-07-22 08:13:13.725 [info] Getting sessions for user:email...
2025-07-22 08:13:13.726 [info] Got 1 sessions for user:email...
2025-07-22 08:13:15.147 [info] Getting sessions for all scopes...
2025-07-22 08:13:15.147 [info] Got 1 sessions for ...
2025-07-22 08:13:15.154 [info] Getting sessions for read:user,repo,user:email,workflow...
2025-07-22 08:13:15.154 [info] Got 0 sessions for read:user,repo,user:email,workflow...
2025-07-22 08:13:15.157 [info] Getting sessions for user:email...
2025-07-22 08:13:15.157 [info] Got 1 sessions for user:email...
2025-07-22 08:14:02.190 [info] Getting sessions for all scopes...
2025-07-22 08:14:02.190 [info] Got 1 sessions for ...
2025-07-22 08:14:02.191 [info] Getting sessions for read:user,repo,user:email,workflow...
2025-07-22 08:14:02.191 [info] Got 0 sessions for read:user,repo,user:email,workflow...
2025-07-22 08:14:02.193 [info] Getting sessions for user:email...
2025-07-22 08:14:02.193 [info] Got 1 sessions for user:email...
2025-07-22 08:14:04.489 [info] Getting sessions for all scopes...
2025-07-22 08:14:04.489 [info] Got 1 sessions for ...
2025-07-22 08:14:04.492 [info] Getting sessions for read:user,repo,user:email,workflow...
2025-07-22 08:14:04.492 [info] Got 0 sessions for read:user,repo,user:email,workflow...
2025-07-22 08:14:04.499 [info] Getting sessions for user:email...
2025-07-22 08:14:04.499 [info] Got 1 sessions for user:email...
2025-07-22 08:15:21.563 [info] Getting sessions for all scopes...
2025-07-22 08:15:21.563 [info] Got 1 sessions for ...
2025-07-22 08:15:21.565 [info] Getting sessions for read:user,repo,user:email,workflow...
2025-07-22 08:15:21.565 [info] Got 0 sessions for read:user,repo,user:email,workflow...
2025-07-22 08:15:21.566 [info] Getting sessions for user:email...
2025-07-22 08:15:21.566 [info] Got 1 sessions for user:email...
2025-07-22 08:15:23.565 [info] Getting sessions for all scopes...
2025-07-22 08:15:23.565 [info] Got 1 sessions for ...
2025-07-22 08:15:23.568 [info] Getting sessions for read:user,repo,user:email,workflow...
2025-07-22 08:15:23.568 [info] Got 0 sessions for read:user,repo,user:email,workflow...
2025-07-22 08:15:23.571 [info] Getting sessions for user:email...
2025-07-22 08:15:23.571 [info] Got 1 sessions for user:email...
2025-07-22 08:15:54.157 [info] Getting sessions for all scopes...
2025-07-22 08:15:54.157 [info] Got 1 sessions for ...
2025-07-22 08:15:54.159 [info] Getting sessions for read:user,repo,user:email,workflow...
2025-07-22 08:15:54.159 [info] Got 0 sessions for read:user,repo,user:email,workflow...
2025-07-22 08:15:54.162 [info] Getting sessions for user:email...
2025-07-22 08:15:54.162 [info] Got 1 sessions for user:email...
2025-07-22 08:15:59.762 [info] Getting sessions for all scopes...
2025-07-22 08:15:59.762 [info] Got 1 sessions for ...
2025-07-22 08:15:59.772 [info] Getting sessions for read:user,repo,user:email,workflow...
2025-07-22 08:15:59.772 [info] Got 0 sessions for read:user,repo,user:email,workflow...
2025-07-22 08:15:59.774 [info] Getting sessions for user:email...
2025-07-22 08:15:59.774 [info] Got 1 sessions for user:email...
2025-07-22 08:17:40.206 [info] Getting sessions for all scopes...
2025-07-22 08:17:40.206 [info] Got 1 sessions for ...
2025-07-22 08:17:40.208 [info] Getting sessions for read:user,repo,user:email,workflow...
2025-07-22 08:17:40.208 [info] Got 0 sessions for read:user,repo,user:email,workflow...
2025-07-22 08:17:40.209 [info] Getting sessions for user:email...
2025-07-22 08:17:40.209 [info] Got 1 sessions for user:email...
2025-07-22 08:17:41.909 [info] Getting sessions for all scopes...
2025-07-22 08:17:41.909 [info] Got 1 sessions for ...
2025-07-22 08:17:41.920 [info] Getting sessions for read:user,repo,user:email,workflow...
2025-07-22 08:17:41.921 [info] Got 0 sessions for read:user,repo,user:email,workflow...
2025-07-22 08:17:41.926 [info] Getting sessions for user:email...
2025-07-22 08:17:41.926 [info] Got 1 sessions for user:email...
2025-07-22 08:19:10.632 [info] Getting sessions for all scopes...
2025-07-22 08:19:10.632 [info] Got 1 sessions for ...
2025-07-22 08:19:10.634 [info] Getting sessions for read:user,repo,user:email,workflow...
2025-07-22 08:19:10.634 [info] Got 0 sessions for read:user,repo,user:email,workflow...
2025-07-22 08:19:10.635 [info] Getting sessions for user:email...
2025-07-22 08:19:10.635 [info] Got 1 sessions for user:email...
2025-07-22 08:19:13.126 [info] Getting sessions for all scopes...
2025-07-22 08:19:13.126 [info] Got 1 sessions for ...
2025-07-22 08:19:13.135 [info] Getting sessions for read:user,repo,user:email,workflow...
2025-07-22 08:19:13.135 [info] Got 0 sessions for read:user,repo,user:email,workflow...
2025-07-22 08:19:13.137 [info] Getting sessions for user:email...
2025-07-22 08:19:13.137 [info] Got 1 sessions for user:email...
2025-07-22 08:19:13.139 [info] Getting sessions for all scopes...
2025-07-22 08:19:13.139 [info] Got 1 sessions for ...
2025-07-22 08:19:13.142 [info] Getting sessions for read:user,repo,user:email,workflow...
2025-07-22 08:19:13.142 [info] Got 0 sessions for read:user,repo,user:email,workflow...
2025-07-22 08:19:13.144 [info] Getting sessions for user:email...
2025-07-22 08:19:13.144 [info] Got 1 sessions for user:email...
2025-07-22 08:19:13.978 [info] Getting sessions for all scopes...
2025-07-22 08:19:13.978 [info] Got 1 sessions for ...
2025-07-22 08:19:13.979 [info] Getting sessions for all scopes...
2025-07-22 08:19:13.979 [info] Got 1 sessions for ...
2025-07-22 08:19:13.981 [info] Getting sessions for read:user,repo,user:email,workflow...
2025-07-22 08:19:13.981 [info] Got 0 sessions for read:user,repo,user:email,workflow...
2025-07-22 08:19:13.983 [info] Getting sessions for user:email...
2025-07-22 08:19:13.983 [info] Got 1 sessions for user:email...
2025-07-22 08:19:13.983 [info] Getting sessions for read:user,repo,user:email,workflow...
2025-07-22 08:19:13.983 [info] Got 0 sessions for read:user,repo,user:email,workflow...
2025-07-22 08:19:13.985 [info] Getting sessions for all scopes...
2025-07-22 08:19:13.985 [info] Got 1 sessions for ...
2025-07-22 08:19:13.986 [info] Getting sessions for read:user,repo,user:email,workflow...
2025-07-22 08:19:13.986 [info] Got 0 sessions for read:user,repo,user:email,workflow...
2025-07-22 08:19:13.988 [info] Getting sessions for user:email...
2025-07-22 08:19:13.988 [info] Got 1 sessions for user:email...
2025-07-22 08:19:13.991 [info] Getting sessions for all scopes...
2025-07-22 08:19:13.991 [info] Got 1 sessions for ...
2025-07-22 08:19:13.991 [info] Getting sessions for all scopes...
2025-07-22 08:19:13.991 [info] Got 1 sessions for ...
2025-07-22 08:19:13.992 [info] Getting sessions for read:user,repo,user:email,workflow...
2025-07-22 08:19:13.992 [info] Got 0 sessions for read:user,repo,user:email,workflow...
2025-07-22 08:19:13.993 [info] Getting sessions for user:email...
2025-07-22 08:19:13.993 [info] Got 1 sessions for user:email...
2025-07-22 08:19:13.994 [info] Getting sessions for read:user,repo,user:email,workflow...
2025-07-22 08:19:13.994 [info] Got 0 sessions for read:user,repo,user:email,workflow...
2025-07-22 08:19:14.001 [info] Getting sessions for all scopes...
2025-07-22 08:19:14.001 [info] Got 1 sessions for ...
2025-07-22 08:19:14.003 [info] Getting sessions for read:user,repo,user:email,workflow...
2025-07-22 08:19:14.003 [info] Got 0 sessions for read:user,repo,user:email,workflow...
2025-07-22 08:19:14.004 [info] Getting sessions for user:email...
2025-07-22 08:19:14.005 [info] Got 1 sessions for user:email...
2025-07-22 08:21:48.701 [info] Getting sessions for all scopes...
2025-07-22 08:21:48.701 [info] Got 1 sessions for ...
2025-07-22 08:21:48.703 [info] Getting sessions for read:user,repo,user:email,workflow...
2025-07-22 08:21:48.703 [info] Got 0 sessions for read:user,repo,user:email,workflow...
2025-07-22 08:21:48.704 [info] Getting sessions for user:email...
2025-07-22 08:21:48.704 [info] Got 1 sessions for user:email...
2025-07-22 08:21:52.900 [info] Getting sessions for all scopes...
2025-07-22 08:21:52.900 [info] Got 1 sessions for ...
2025-07-22 08:21:52.908 [info] Getting sessions for read:user,repo,user:email,workflow...
2025-07-22 08:21:52.908 [info] Got 0 sessions for read:user,repo,user:email,workflow...
2025-07-22 08:21:52.911 [info] Getting sessions for user:email...
2025-07-22 08:21:52.912 [info] Got 1 sessions for user:email...
2025-07-22 08:24:03.326 [info] Getting sessions for all scopes...
2025-07-22 08:24:03.326 [info] Got 1 sessions for ...
2025-07-22 08:24:03.329 [info] Getting sessions for read:user,repo,user:email,workflow...
2025-07-22 08:24:03.329 [info] Got 0 sessions for read:user,repo,user:email,workflow...
2025-07-22 08:24:03.331 [info] Getting sessions for user:email...
2025-07-22 08:24:03.331 [info] Got 1 sessions for user:email...
2025-07-22 08:24:04.263 [info] Getting sessions for all scopes...
2025-07-22 08:24:04.263 [info] Got 1 sessions for ...
2025-07-22 08:24:04.265 [info] Getting sessions for read:user,repo,user:email,workflow...
2025-07-22 08:24:04.265 [info] Got 0 sessions for read:user,repo,user:email,workflow...
2025-07-22 08:24:04.267 [info] Getting sessions for user:email...
2025-07-22 08:24:04.267 [info] Got 1 sessions for user:email...
2025-07-22 08:24:06.767 [info] Getting sessions for all scopes...
2025-07-22 08:24:06.767 [info] Got 1 sessions for ...
2025-07-22 08:24:06.777 [info] Getting sessions for read:user,repo,user:email,workflow...
2025-07-22 08:24:06.777 [info] Got 0 sessions for read:user,repo,user:email,workflow...
2025-07-22 08:24:06.779 [info] Getting sessions for user:email...
2025-07-22 08:24:06.779 [info] Got 1 sessions for user:email...
2025-07-22 08:25:07.516 [info] Getting sessions for all scopes...
2025-07-22 08:25:07.517 [info] Got 1 sessions for ...
2025-07-22 08:25:07.518 [info] Getting sessions for read:user,repo,user:email,workflow...
2025-07-22 08:25:07.518 [info] Got 0 sessions for read:user,repo,user:email,workflow...
2025-07-22 08:25:07.519 [info] Getting sessions for user:email...
2025-07-22 08:25:07.519 [info] Got 1 sessions for user:email...
2025-07-22 08:25:12.746 [info] Getting sessions for all scopes...
2025-07-22 08:25:12.746 [info] Got 1 sessions for ...
2025-07-22 08:25:12.763 [info] Getting sessions for read:user,repo,user:email,workflow...
2025-07-22 08:25:12.763 [info] Got 0 sessions for read:user,repo,user:email,workflow...
2025-07-22 08:25:12.766 [info] Getting sessions for user:email...
2025-07-22 08:25:12.766 [info] Got 1 sessions for user:email...
2025-07-22 08:26:52.064 [info] Getting sessions for all scopes...
2025-07-22 08:26:52.064 [info] Got 1 sessions for ...
2025-07-22 08:26:52.065 [info] Getting sessions for read:user,repo,user:email,workflow...
2025-07-22 08:26:52.065 [info] Got 0 sessions for read:user,repo,user:email,workflow...
2025-07-22 08:26:52.067 [info] Getting sessions for user:email...
2025-07-22 08:26:52.067 [info] Got 1 sessions for user:email...
2025-07-22 08:26:53.831 [info] Getting sessions for all scopes...
2025-07-22 08:26:53.831 [info] Got 1 sessions for ...
2025-07-22 08:26:53.837 [info] Getting sessions for read:user,repo,user:email,workflow...
2025-07-22 08:26:53.837 [info] Got 0 sessions for read:user,repo,user:email,workflow...
2025-07-22 08:26:53.839 [info] Getting sessions for user:email...
2025-07-22 08:26:53.839 [info] Got 1 sessions for user:email...
2025-07-22 08:28:05.564 [info] Getting sessions for all scopes...
2025-07-22 08:28:05.564 [info] Got 1 sessions for ...
2025-07-22 08:28:05.565 [info] Getting sessions for read:user,repo,user:email,workflow...
2025-07-22 08:28:05.565 [info] Got 0 sessions for read:user,repo,user:email,workflow...
2025-07-22 08:28:05.567 [info] Getting sessions for user:email...
2025-07-22 08:28:05.567 [info] Got 1 sessions for user:email...
2025-07-22 08:28:05.822 [info] Getting sessions for all scopes...
2025-07-22 08:28:05.822 [info] Got 1 sessions for ...
2025-07-22 08:28:05.822 [info] Getting sessions for all scopes...
2025-07-22 08:28:05.822 [info] Got 1 sessions for ...
2025-07-22 08:28:05.878 [info] Getting sessions for read:user,repo,user:email,workflow...
2025-07-22 08:28:05.878 [info] Got 0 sessions for read:user,repo,user:email,workflow...
2025-07-22 08:28:06.029 [info] Getting sessions for user:email...
2025-07-22 08:28:06.030 [info] Got 1 sessions for user:email...
2025-07-22 08:28:06.030 [info] Getting sessions for read:user,repo,user:email,workflow...
2025-07-22 08:28:06.030 [info] Got 0 sessions for read:user,repo,user:email,workflow...
2025-07-22 08:28:06.073 [info] Getting sessions for all scopes...
2025-07-22 08:28:06.073 [info] Got 1 sessions for ...
2025-07-22 08:28:06.074 [info] Getting sessions for all scopes...
2025-07-22 08:28:06.074 [info] Got 1 sessions for ...
2025-07-22 08:28:06.092 [info] Getting sessions for read:user,repo,user:email,workflow...
2025-07-22 08:28:06.092 [info] Got 0 sessions for read:user,repo,user:email,workflow...
2025-07-22 08:28:06.114 [info] Getting sessions for user:email...
2025-07-22 08:28:06.114 [info] Got 1 sessions for user:email...
2025-07-22 08:28:06.961 [info] Getting sessions for all scopes...
2025-07-22 08:28:06.961 [info] Got 1 sessions for ...
2025-07-22 08:28:06.973 [info] Getting sessions for all scopes...
2025-07-22 08:28:06.973 [info] Got 1 sessions for ...
2025-07-22 08:28:06.975 [info] Getting sessions for read:user,repo,user:email,workflow...
2025-07-22 08:28:06.976 [info] Got 0 sessions for read:user,repo,user:email,workflow...
2025-07-22 08:28:06.977 [info] Getting sessions for user:email...
2025-07-22 08:28:06.977 [info] Got 1 sessions for user:email...
2025-07-22 08:28:06.977 [info] Getting sessions for read:user,repo,user:email,workflow...
2025-07-22 08:28:06.977 [info] Got 0 sessions for read:user,repo,user:email,workflow...
2025-07-22 08:28:06.983 [info] Getting sessions for all scopes...
2025-07-22 08:28:06.983 [info] Got 1 sessions for ...
2025-07-22 08:28:06.986 [info] Getting sessions for all scopes...
2025-07-22 08:28:06.987 [info] Got 1 sessions for ...
2025-07-22 08:28:06.987 [info] Getting sessions for all scopes...
2025-07-22 08:28:06.987 [info] Got 1 sessions for ...
2025-07-22 08:28:06.990 [info] Getting sessions for read:user,repo,user:email,workflow...
2025-07-22 08:28:06.990 [info] Got 0 sessions for read:user,repo,user:email,workflow...
2025-07-22 08:28:06.992 [info] Getting sessions for user:email...
2025-07-22 08:28:06.992 [info] Got 1 sessions for user:email...
2025-07-22 08:28:06.996 [info] Getting sessions for all scopes...
2025-07-22 08:28:06.996 [info] Got 1 sessions for ...
2025-07-22 08:28:06.996 [info] Getting sessions for all scopes...
2025-07-22 08:28:06.996 [info] Got 1 sessions for ...
2025-07-22 08:28:06.999 [info] Getting sessions for read:user,repo,user:email,workflow...
2025-07-22 08:28:06.999 [info] Got 0 sessions for read:user,repo,user:email,workflow...
2025-07-22 08:28:07.002 [info] Getting sessions for user:email...
2025-07-22 08:28:07.002 [info] Got 1 sessions for user:email...
2025-07-22 08:28:07.003 [info] Getting sessions for read:user,repo,user:email,workflow...
2025-07-22 08:28:07.003 [info] Got 0 sessions for read:user,repo,user:email,workflow...
2025-07-22 08:28:07.010 [info] Getting sessions for all scopes...
2025-07-22 08:28:07.010 [info] Got 1 sessions for ...
2025-07-22 08:28:07.013 [info] Getting sessions for read:user,repo,user:email,workflow...
2025-07-22 08:28:07.013 [info] Got 0 sessions for read:user,repo,user:email,workflow...
2025-07-22 08:28:07.016 [info] Getting sessions for user:email...
2025-07-22 08:28:07.016 [info] Got 1 sessions for user:email...
2025-07-22 08:28:07.099 [info] Getting sessions for all scopes...
2025-07-22 08:28:07.099 [info] Got 1 sessions for ...
2025-07-22 08:28:07.112 [info] Getting sessions for all scopes...
2025-07-22 08:28:07.112 [info] Got 1 sessions for ...
2025-07-22 08:28:07.150 [info] Getting sessions for read:user,repo,user:email,workflow...
2025-07-22 08:28:07.151 [info] Got 0 sessions for read:user,repo,user:email,workflow...
2025-07-22 08:28:07.154 [info] Getting sessions for user:email...
2025-07-22 08:28:07.154 [info] Got 1 sessions for user:email...
2025-07-22 08:28:07.155 [info] Getting sessions for read:user,repo,user:email,workflow...
2025-07-22 08:28:07.155 [info] Got 0 sessions for read:user,repo,user:email,workflow...
2025-07-22 08:28:07.156 [info] Getting sessions for all scopes...
2025-07-22 08:28:07.156 [info] Got 1 sessions for ...
2025-07-22 08:28:07.157 [info] Getting sessions for all scopes...
2025-07-22 08:28:07.157 [info] Got 1 sessions for ...
2025-07-22 08:28:07.158 [info] Getting sessions for read:user,repo,user:email,workflow...
2025-07-22 08:28:07.158 [info] Got 0 sessions for read:user,repo,user:email,workflow...
2025-07-22 08:28:07.159 [info] Getting sessions for user:email...
2025-07-22 08:28:07.159 [info] Got 1 sessions for user:email...
2025-07-22 08:28:07.771 [info] Getting sessions for all scopes...
2025-07-22 08:28:07.771 [info] Got 1 sessions for ...
2025-07-22 08:28:07.794 [info] Getting sessions for all scopes...
2025-07-22 08:28:07.794 [info] Got 1 sessions for ...
2025-07-22 08:28:07.800 [info] Getting sessions for read:user,repo,user:email,workflow...
2025-07-22 08:28:07.800 [info] Got 0 sessions for read:user,repo,user:email,workflow...
2025-07-22 08:28:07.801 [info] Getting sessions for user:email...
2025-07-22 08:28:07.802 [info] Got 1 sessions for user:email...
2025-07-22 08:28:07.802 [info] Getting sessions for read:user,repo,user:email,workflow...
2025-07-22 08:28:07.802 [info] Got 0 sessions for read:user,repo,user:email,workflow...
2025-07-22 08:28:07.806 [info] Getting sessions for all scopes...
2025-07-22 08:28:07.806 [info] Got 1 sessions for ...
2025-07-22 08:28:07.808 [info] Getting sessions for read:user,repo,user:email,workflow...
2025-07-22 08:28:07.808 [info] Got 0 sessions for read:user,repo,user:email,workflow...
2025-07-22 08:28:07.812 [info] Getting sessions for user:email...
2025-07-22 08:28:07.812 [info] Got 1 sessions for user:email...
2025-07-22 08:28:07.818 [info] Getting sessions for all scopes...
2025-07-22 08:28:07.818 [info] Got 1 sessions for ...
2025-07-22 08:28:07.818 [info] Getting sessions for all scopes...
2025-07-22 08:28:07.818 [info] Got 1 sessions for ...
2025-07-22 08:28:07.821 [info] Getting sessions for read:user,repo,user:email,workflow...
2025-07-22 08:28:07.821 [info] Got 0 sessions for read:user,repo,user:email,workflow...
2025-07-22 08:28:07.823 [info] Getting sessions for user:email...
2025-07-22 08:28:07.823 [info] Got 1 sessions for user:email...
2025-07-22 08:28:07.824 [info] Getting sessions for read:user,repo,user:email,workflow...
2025-07-22 08:28:07.824 [info] Got 0 sessions for read:user,repo,user:email,workflow...
2025-07-22 08:28:07.828 [info] Getting sessions for all scopes...
2025-07-22 08:28:07.828 [info] Got 1 sessions for ...
2025-07-22 08:28:07.833 [info] Getting sessions for read:user,repo,user:email,workflow...
2025-07-22 08:28:07.833 [info] Got 0 sessions for read:user,repo,user:email,workflow...
2025-07-22 08:28:07.835 [info] Getting sessions for user:email...
2025-07-22 08:28:07.835 [info] Got 1 sessions for user:email...
2025-07-22 08:33:32.861 [info] Getting sessions for all scopes...
2025-07-22 08:33:32.861 [info] Got 1 sessions for ...
2025-07-22 08:33:32.894 [info] Getting sessions for all scopes...
2025-07-22 08:33:32.894 [info] Got 1 sessions for ...
2025-07-22 08:38:27.431 [info] Getting sessions for read:user,repo,user:email,workflow...
2025-07-22 08:38:27.440 [info] Got 0 sessions for read:user,repo,user:email,workflow...
2025-07-22 08:38:27.451 [info] Getting sessions for read:user...
2025-07-22 08:38:27.451 [info] Got 0 sessions for read:user...
2025-07-22 08:38:27.465 [info] Getting sessions for user:email...
2025-07-22 08:38:27.465 [info] Got 1 sessions for user:email...
2025-07-22 08:41:21.879 [info] Getting sessions for all scopes...
2025-07-22 08:41:21.880 [info] Got 1 sessions for ...
2025-07-22 08:41:21.886 [info] Getting sessions for read:user,repo,user:email,workflow...
2025-07-22 08:41:21.895 [info] Got 0 sessions for read:user,repo,user:email,workflow...
2025-07-22 08:41:21.907 [info] Getting sessions for user:email...
2025-07-22 08:41:21.907 [info] Got 1 sessions for user:email...
2025-07-22 08:41:23.232 [info] Getting sessions for all scopes...
2025-07-22 08:41:23.232 [info] Got 1 sessions for ...
2025-07-22 08:41:23.236 [info] Getting sessions for read:user,repo,user:email,workflow...
2025-07-22 08:41:23.236 [info] Got 0 sessions for read:user,repo,user:email,workflow...
2025-07-22 08:41:23.241 [info] Getting sessions for user:email...
2025-07-22 08:41:23.241 [info] Got 1 sessions for user:email...
2025-07-22 08:41:23.488 [info] Getting sessions for all scopes...
2025-07-22 08:41:23.488 [info] Got 1 sessions for ...
2025-07-22 08:41:23.488 [info] Getting sessions for all scopes...
2025-07-22 08:41:23.489 [info] Got 1 sessions for ...
2025-07-22 08:41:23.529 [info] Getting sessions for read:user,repo,user:email,workflow...
2025-07-22 08:41:23.529 [info] Got 0 sessions for read:user,repo,user:email,workflow...
2025-07-22 08:41:23.654 [info] Getting sessions for user:email...
2025-07-22 08:41:23.654 [info] Got 1 sessions for user:email...
2025-07-22 08:41:23.654 [info] Getting sessions for read:user,repo,user:email,workflow...
2025-07-22 08:41:23.654 [info] Got 0 sessions for read:user,repo,user:email,workflow...
2025-07-22 08:41:23.682 [info] Getting sessions for all scopes...
2025-07-22 08:41:23.682 [info] Got 1 sessions for ...
2025-07-22 08:41:23.683 [info] Getting sessions for all scopes...
2025-07-22 08:41:23.683 [info] Got 1 sessions for ...
2025-07-22 08:41:23.687 [info] Getting sessions for read:user,repo,user:email,workflow...
2025-07-22 08:41:23.687 [info] Got 0 sessions for read:user,repo,user:email,workflow...
2025-07-22 08:41:23.689 [info] Getting sessions for user:email...
2025-07-22 08:41:23.689 [info] Got 1 sessions for user:email...
2025-07-22 08:41:24.547 [info] Getting sessions for all scopes...
2025-07-22 08:41:24.547 [info] Got 1 sessions for ...
2025-07-22 08:41:24.570 [info] Getting sessions for all scopes...
2025-07-22 08:41:24.570 [info] Got 1 sessions for ...
2025-07-22 08:41:24.575 [info] Getting sessions for read:user,repo,user:email,workflow...
2025-07-22 08:41:24.575 [info] Got 0 sessions for read:user,repo,user:email,workflow...
2025-07-22 08:41:24.576 [info] Getting sessions for user:email...
2025-07-22 08:41:24.576 [info] Got 1 sessions for user:email...
2025-07-22 08:41:24.577 [info] Getting sessions for read:user,repo,user:email,workflow...
2025-07-22 08:41:24.577 [info] Got 0 sessions for read:user,repo,user:email,workflow...
2025-07-22 08:41:24.583 [info] Getting sessions for all scopes...
2025-07-22 08:41:24.583 [info] Got 1 sessions for ...
2025-07-22 08:41:24.585 [info] Getting sessions for read:user,repo,user:email,workflow...
2025-07-22 08:41:24.585 [info] Got 0 sessions for read:user,repo,user:email,workflow...
2025-07-22 08:41:24.587 [info] Getting sessions for user:email...
2025-07-22 08:41:24.587 [info] Got 1 sessions for user:email...
2025-07-22 08:41:24.590 [info] Getting sessions for all scopes...
2025-07-22 08:41:24.590 [info] Got 1 sessions for ...
2025-07-22 08:41:24.590 [info] Getting sessions for all scopes...
2025-07-22 08:41:24.590 [info] Got 1 sessions for ...
2025-07-22 08:41:24.592 [info] Getting sessions for read:user,repo,user:email,workflow...
2025-07-22 08:41:24.592 [info] Got 0 sessions for read:user,repo,user:email,workflow...
2025-07-22 08:41:24.593 [info] Getting sessions for user:email...
2025-07-22 08:41:24.593 [info] Got 1 sessions for user:email...
2025-07-22 08:41:24.594 [info] Getting sessions for read:user,repo,user:email,workflow...
2025-07-22 08:41:24.594 [info] Got 0 sessions for read:user,repo,user:email,workflow...
2025-07-22 08:41:24.598 [info] Getting sessions for all scopes...
2025-07-22 08:41:24.598 [info] Got 1 sessions for ...
2025-07-22 08:41:24.600 [info] Getting sessions for read:user,repo,user:email,workflow...
2025-07-22 08:41:24.601 [info] Got 0 sessions for read:user,repo,user:email,workflow...
2025-07-22 08:41:24.603 [info] Getting sessions for user:email...
2025-07-22 08:41:24.603 [info] Got 1 sessions for user:email...
2025-07-22 08:41:24.764 [info] Getting sessions for all scopes...
2025-07-22 08:41:24.764 [info] Got 1 sessions for ...
2025-07-22 08:41:24.765 [info] Getting sessions for all scopes...
2025-07-22 08:41:24.765 [info] Got 1 sessions for ...
2025-07-22 08:41:24.789 [info] Getting sessions for read:user,repo,user:email,workflow...
2025-07-22 08:41:24.789 [info] Got 0 sessions for read:user,repo,user:email,workflow...
2025-07-22 08:41:24.791 [info] Getting sessions for user:email...
2025-07-22 08:41:24.791 [info] Got 1 sessions for user:email...
2025-07-22 08:41:24.791 [info] Getting sessions for read:user,repo,user:email,workflow...
2025-07-22 08:41:24.791 [info] Got 0 sessions for read:user,repo,user:email,workflow...
2025-07-22 08:41:24.793 [info] Getting sessions for all scopes...
2025-07-22 08:41:24.793 [info] Got 1 sessions for ...
2025-07-22 08:41:24.793 [info] Getting sessions for all scopes...
2025-07-22 08:41:24.793 [info] Got 1 sessions for ...
2025-07-22 08:41:24.795 [info] Getting sessions for read:user,repo,user:email,workflow...
2025-07-22 08:41:24.795 [info] Got 0 sessions for read:user,repo,user:email,workflow...
2025-07-22 08:41:24.796 [info] Getting sessions for user:email...
2025-07-22 08:41:24.796 [info] Got 1 sessions for user:email...
2025-07-22 08:41:25.423 [info] Getting sessions for all scopes...
2025-07-22 08:41:25.423 [info] Got 1 sessions for ...
2025-07-22 08:41:25.423 [info] Getting sessions for all scopes...
2025-07-22 08:41:25.423 [info] Got 1 sessions for ...
2025-07-22 08:41:25.441 [info] Getting sessions for read:user,repo,user:email,workflow...
2025-07-22 08:41:25.441 [info] Got 0 sessions for read:user,repo,user:email,workflow...
2025-07-22 08:41:25.455 [info] Getting sessions for user:email...
2025-07-22 08:41:25.455 [info] Got 1 sessions for user:email...
2025-07-22 08:41:25.456 [info] Getting sessions for read:user,repo,user:email,workflow...
2025-07-22 08:41:25.456 [info] Got 0 sessions for read:user,repo,user:email,workflow...
2025-07-22 08:41:25.466 [info] Getting sessions for all scopes...
2025-07-22 08:41:25.466 [info] Got 1 sessions for ...
2025-07-22 08:41:25.469 [info] Getting sessions for read:user,repo,user:email,workflow...
2025-07-22 08:41:25.469 [info] Got 0 sessions for read:user,repo,user:email,workflow...
2025-07-22 08:41:25.471 [info] Getting sessions for user:email...
2025-07-22 08:41:25.471 [info] Got 1 sessions for user:email...
2025-07-22 08:41:25.475 [info] Getting sessions for all scopes...
2025-07-22 08:41:25.475 [info] Got 1 sessions for ...
2025-07-22 08:41:25.475 [info] Getting sessions for all scopes...
2025-07-22 08:41:25.475 [info] Got 1 sessions for ...
2025-07-22 08:41:25.477 [info] Getting sessions for read:user,repo,user:email,workflow...
2025-07-22 08:41:25.477 [info] Got 0 sessions for read:user,repo,user:email,workflow...
2025-07-22 08:41:25.479 [info] Getting sessions for user:email...
2025-07-22 08:41:25.479 [info] Got 1 sessions for user:email...
2025-07-22 08:41:25.479 [info] Getting sessions for read:user,repo,user:email,workflow...
2025-07-22 08:41:25.479 [info] Got 0 sessions for read:user,repo,user:email,workflow...
2025-07-22 08:41:25.513 [info] Getting sessions for all scopes...
2025-07-22 08:41:25.513 [info] Got 1 sessions for ...
2025-07-22 08:41:25.522 [info] Getting sessions for read:user,repo,user:email,workflow...
2025-07-22 08:41:25.522 [info] Got 0 sessions for read:user,repo,user:email,workflow...
2025-07-22 08:41:25.528 [info] Getting sessions for user:email...
2025-07-22 08:41:25.528 [info] Got 1 sessions for user:email...
2025-07-22 08:56:25.483 [info] Getting sessions for all scopes...
2025-07-22 08:56:25.492 [info] Got 1 sessions for ...
2025-07-22 08:56:25.495 [info] Getting sessions for read:user,repo,user:email,workflow...
2025-07-22 08:56:25.495 [info] Got 0 sessions for read:user,repo,user:email,workflow...
2025-07-22 08:56:25.497 [info] Getting sessions for user:email...
2025-07-22 08:56:25.497 [info] Got 1 sessions for user:email...
2025-07-22 08:56:25.499 [info] Getting sessions for all scopes...
2025-07-22 08:56:25.499 [info] Got 1 sessions for ...
2025-07-22 08:56:25.501 [info] Getting sessions for read:user,repo,user:email,workflow...
2025-07-22 08:56:25.501 [info] Got 0 sessions for read:user,repo,user:email,workflow...
2025-07-22 08:56:25.504 [info] Getting sessions for user:email...
2025-07-22 08:56:25.504 [info] Got 1 sessions for user:email...
2025-07-22 09:04:48.611 [info] Getting sessions for read:user,repo,user:email,workflow...
2025-07-22 09:04:48.611 [info] Got 0 sessions for read:user,repo,user:email,workflow...
2025-07-22 09:04:48.658 [info] Getting sessions for read:user...
2025-07-22 09:04:48.658 [info] Got 0 sessions for read:user...
2025-07-22 09:04:48.660 [info] Getting sessions for user:email...
2025-07-22 09:04:48.660 [info] Got 1 sessions for user:email...
2025-07-22 09:11:26.055 [info] Getting sessions for all scopes...
2025-07-22 09:11:26.055 [info] Got 1 sessions for ...
2025-07-22 09:11:26.058 [info] Getting sessions for read:user,repo,user:email,workflow...
2025-07-22 09:11:26.058 [info] Got 0 sessions for read:user,repo,user:email,workflow...
2025-07-22 09:11:26.060 [info] Getting sessions for user:email...
2025-07-22 09:11:26.060 [info] Got 1 sessions for user:email...
2025-07-22 09:11:26.072 [info] Getting sessions for all scopes...
2025-07-22 09:11:26.072 [info] Got 1 sessions for ...
2025-07-22 09:11:26.074 [info] Getting sessions for read:user,repo,user:email,workflow...
2025-07-22 09:11:26.074 [info] Got 0 sessions for read:user,repo,user:email,workflow...
2025-07-22 09:11:26.077 [info] Getting sessions for user:email...
2025-07-22 09:11:26.077 [info] Got 1 sessions for user:email...
2025-07-22 09:11:26.952 [info] Getting sessions for all scopes...
2025-07-22 09:11:26.952 [info] Got 1 sessions for ...
2025-07-22 09:11:26.952 [info] Getting sessions for all scopes...
2025-07-22 09:11:26.952 [info] Got 1 sessions for ...
2025-07-22 09:11:26.960 [info] Getting sessions for read:user,repo,user:email,workflow...
2025-07-22 09:11:26.960 [info] Got 0 sessions for read:user,repo,user:email,workflow...
2025-07-22 09:11:26.965 [info] Getting sessions for user:email...
2025-07-22 09:11:26.965 [info] Got 1 sessions for user:email...
2025-07-22 09:11:26.966 [info] Getting sessions for read:user,repo,user:email,workflow...
2025-07-22 09:11:26.966 [info] Got 0 sessions for read:user,repo,user:email,workflow...
2025-07-22 09:11:26.972 [info] Getting sessions for all scopes...
2025-07-22 09:11:26.972 [info] Got 1 sessions for ...
2025-07-22 09:11:26.981 [info] Getting sessions for read:user,repo,user:email,workflow...
2025-07-22 09:11:26.981 [info] Got 0 sessions for read:user,repo,user:email,workflow...
2025-07-22 09:11:26.986 [info] Getting sessions for user:email...
2025-07-22 09:11:26.986 [info] Got 1 sessions for user:email...
2025-07-22 09:11:26.996 [info] Getting sessions for all scopes...
2025-07-22 09:11:26.996 [info] Got 1 sessions for ...
2025-07-22 09:11:26.997 [info] Getting sessions for all scopes...
2025-07-22 09:11:26.997 [info] Got 1 sessions for ...
2025-07-22 09:11:27.001 [info] Getting sessions for read:user,repo,user:email,workflow...
2025-07-22 09:11:27.001 [info] Got 0 sessions for read:user,repo,user:email,workflow...
2025-07-22 09:11:27.007 [info] Getting sessions for user:email...
2025-07-22 09:11:27.007 [info] Got 1 sessions for user:email...
2025-07-22 09:11:27.009 [info] Getting sessions for read:user,repo,user:email,workflow...
2025-07-22 09:11:27.009 [info] Got 0 sessions for read:user,repo,user:email,workflow...
2025-07-22 09:11:27.025 [info] Getting sessions for all scopes...
2025-07-22 09:11:27.025 [info] Got 1 sessions for ...
2025-07-22 09:11:27.029 [info] Getting sessions for read:user,repo,user:email,workflow...
2025-07-22 09:11:27.029 [info] Got 0 sessions for read:user,repo,user:email,workflow...
2025-07-22 09:11:27.032 [info] Getting sessions for user:email...
2025-07-22 09:11:27.032 [info] Got 1 sessions for user:email...
2025-07-22 09:11:27.459 [info] Getting sessions for all scopes...
2025-07-22 09:11:27.459 [info] Got 1 sessions for ...
2025-07-22 09:11:27.464 [info] Getting sessions for read:user,repo,user:email,workflow...
2025-07-22 09:11:27.464 [info] Got 0 sessions for read:user,repo,user:email,workflow...
2025-07-22 09:11:27.466 [info] Getting sessions for user:email...
2025-07-22 09:11:27.466 [info] Got 1 sessions for user:email...
