2025-07-16 11:33:33.969 [info] (Client) Pylance async client (2025.6.2) started with python extension (2025.10.0)
2025-07-16 11:33:35.809 [info] [Info  - 11:33:35 a. m.] (11933) Server root directory: file:///home/jesus/.vscode/extensions/ms-python.vscode-pylance-2025.6.2/dist
2025-07-16 11:33:35.810 [info] [Info  - 11:33:35 a. m.] (11933) Pylance language server 2025.6.2 (pyright version 1.1.402, commit 9496ae00) starting
2025-07-16 11:33:35.821 [info] [Info  - 11:33:35 a. m.] (11933) Starting service instance "proyeto_django" for workspace "/home/jesus/proyeto_django"
2025-07-16 11:33:35.914 [info] [Info  - 11:33:35 a. m.] (11933) Setting environmentName for service "proyeto_django": "3.12.3 (global)"
2025-07-16 11:33:35.914 [info] [Info  - 11:33:35 a. m.] (11933) Setting pythonPath for service "proyeto_django": "/bin/python3"
2025-07-16 11:33:35.915 [info] [Info  - 11:33:35 a. m.] (11933) No include entries specified; assuming /home/jesus/proyeto_django
2025-07-16 11:33:35.916 [info] [Info  - 11:33:35 a. m.] (11933) Auto-excluding **/node_modules
2025-07-16 11:33:35.917 [info] [Info  - 11:33:35 a. m.] (11933) Auto-excluding **/__pycache__
2025-07-16 11:33:35.917 [info] [Info  - 11:33:35 a. m.] (11933) Auto-excluding **/.*
2025-07-16 11:33:35.953 [info] [Info  - 11:33:35 a. m.] (11933) Assuming Python version 3.12.3.final.0
2025-07-16 11:33:36.185 [info] [Info  - 11:33:36 a. m.] (11933) Auto-excluding /home/jesus/proyeto_django/venv
2025-07-16 11:33:36.192 [info] [Info  - 11:33:36 a. m.] (11933) Found 14 source files
2025-07-16 11:33:36.242 [info] [Info  - 11:33:36 a. m.] (11933) Setting environmentName for service "proyeto_django": "3.12.3 (global)"
2025-07-16 11:33:36.242 [info] [Info  - 11:33:36 a. m.] (11933) Setting pythonPath for service "proyeto_django": "/bin/python3"
2025-07-16 11:33:36.242 [info] [Info  - 11:33:36 a. m.] (11933) No include entries specified; assuming /home/jesus/proyeto_django
2025-07-16 11:33:36.243 [info] [Info  - 11:33:36 a. m.] (11933) Auto-excluding **/node_modules
2025-07-16 11:33:36.243 [info] [Info  - 11:33:36 a. m.] (11933) Auto-excluding **/__pycache__
2025-07-16 11:33:36.243 [info] [Info  - 11:33:36 a. m.] (11933) Auto-excluding **/.*
2025-07-16 11:33:36.282 [info] [Info  - 11:33:36 a. m.] (11933) Assuming Python version 3.12.3.final.0
2025-07-16 11:33:36.415 [info] [Info  - 11:33:36 a. m.] (11933) Auto-excluding /home/jesus/proyeto_django/venv
2025-07-16 11:33:36.419 [info] [Info  - 11:33:36 a. m.] (11933) Found 14 source files
2025-07-16 11:33:37.078 [info] [Info  - 11:33:37 a. m.] (11933) BG: Priority queue background worker(2) root directory: file:///home/jesus/.vscode/extensions/ms-python.vscode-pylance-2025.6.2/dist
2025-07-16 11:33:37.080 [info] [Info  - 11:33:37 a. m.] (11933) BG: Priority queue background worker(2) started
