2025-07-22 13:15:13.197 [info] Reading sessions from keychain...
2025-07-22 13:15:13.197 [info] Getting sessions for all scopes...
2025-07-22 13:15:14.169 [info] Got stored sessions!
2025-07-22 13:15:14.169 [info] Got 1 verified sessions.
2025-07-22 13:15:14.169 [info] Got 1 sessions for ...
2025-07-22 13:15:14.169 [info] Getting sessions for all scopes...
2025-07-22 13:15:14.169 [info] Got 1 sessions for ...
2025-07-22 13:15:14.170 [info] Getting sessions for all scopes...
2025-07-22 13:15:14.170 [info] Got 1 sessions for ...
2025-07-22 13:15:14.170 [info] Getting sessions for all scopes...
2025-07-22 13:15:14.170 [info] Got 1 sessions for ...
2025-07-22 13:15:14.170 [info] Getting sessions for all scopes...
2025-07-22 13:15:14.170 [info] Got 1 sessions for ...
2025-07-22 13:15:14.170 [info] Getting sessions for all scopes...
2025-07-22 13:15:14.170 [info] Got 1 sessions for ...
2025-07-22 13:15:14.178 [info] Getting sessions for all scopes...
2025-07-22 13:15:14.178 [info] Got 1 sessions for ...
2025-07-22 13:15:14.178 [info] Getting sessions for all scopes...
2025-07-22 13:15:14.178 [info] Got 1 sessions for ...
2025-07-22 13:15:14.601 [info] Getting sessions for all scopes...
2025-07-22 13:15:14.601 [info] Got 1 sessions for ...
2025-07-22 13:15:14.604 [info] Getting sessions for all scopes...
2025-07-22 13:15:14.604 [info] Got 1 sessions for ...
2025-07-22 13:15:14.605 [info] Getting sessions for all scopes...
2025-07-22 13:15:14.605 [info] Got 1 sessions for ...
2025-07-22 13:15:14.606 [info] Getting sessions for all scopes...
2025-07-22 13:15:14.606 [info] Got 1 sessions for ...
2025-07-22 13:15:14.606 [info] Getting sessions for all scopes...
2025-07-22 13:15:14.606 [info] Got 1 sessions for ...
2025-07-22 13:15:14.607 [info] Getting sessions for all scopes...
2025-07-22 13:15:14.607 [info] Got 1 sessions for ...
2025-07-22 13:15:20.509 [info] Getting sessions for all scopes...
2025-07-22 13:15:20.509 [info] Got 1 sessions for ...
2025-07-22 13:15:20.536 [info] Getting sessions for all scopes...
2025-07-22 13:15:20.536 [info] Got 1 sessions for ...
2025-07-22 13:15:20.536 [info] Getting sessions for all scopes...
2025-07-22 13:15:20.536 [info] Got 1 sessions for ...
2025-07-22 13:15:20.537 [info] Getting sessions for all scopes...
2025-07-22 13:15:20.537 [info] Got 1 sessions for ...
2025-07-22 13:15:20.809 [info] Getting sessions for all scopes...
2025-07-22 13:15:20.809 [info] Got 1 sessions for ...
2025-07-22 13:15:20.809 [info] Getting sessions for all scopes...
2025-07-22 13:15:20.809 [info] Got 1 sessions for ...
2025-07-22 13:15:21.904 [info] Getting sessions for all scopes...
2025-07-22 13:15:21.904 [info] Got 1 sessions for ...
2025-07-22 13:15:21.909 [info] Getting sessions for read:user,repo,user:email,workflow...
2025-07-22 13:15:21.909 [info] Got 0 sessions for read:user,repo,user:email,workflow...
2025-07-22 13:15:21.911 [info] Getting sessions for all scopes...
2025-07-22 13:15:21.911 [info] Got 1 sessions for ...
2025-07-22 13:15:21.911 [info] Getting sessions for read:user,repo,user:email,workflow...
2025-07-22 13:15:21.911 [info] Got 0 sessions for read:user,repo,user:email,workflow...
2025-07-22 13:15:21.959 [info] Getting sessions for user:email...
2025-07-22 13:15:21.959 [info] Got 1 sessions for user:email...
2025-07-22 13:15:21.959 [info] Getting sessions for read:user,repo,user:email,workflow...
2025-07-22 13:15:21.959 [info] Got 0 sessions for read:user,repo,user:email,workflow...
2025-07-22 13:15:21.960 [info] Getting sessions for read:user...
2025-07-22 13:15:21.960 [info] Got 0 sessions for read:user...
2025-07-22 13:15:21.971 [info] Getting sessions for all scopes...
2025-07-22 13:15:21.971 [info] Got 1 sessions for ...
2025-07-22 13:15:22.622 [info] Getting sessions for user:email...
2025-07-22 13:15:22.622 [info] Got 1 sessions for user:email...
2025-07-22 13:15:22.743 [info] Getting sessions for read:user,repo,user:email,workflow...
2025-07-22 13:15:22.743 [info] Got 0 sessions for read:user,repo,user:email,workflow...
2025-07-22 13:15:22.974 [info] Getting sessions for user:email...
2025-07-22 13:15:22.974 [info] Got 1 sessions for user:email...
2025-07-22 13:15:23.062 [info] Getting sessions for all scopes...
2025-07-22 13:15:23.062 [info] Got 1 sessions for ...
2025-07-22 13:15:23.071 [info] Getting sessions for read:user,repo,user:email,workflow...
2025-07-22 13:15:23.071 [info] Got 0 sessions for read:user,repo,user:email,workflow...
2025-07-22 13:15:23.074 [info] Getting sessions for user:email...
2025-07-22 13:15:23.074 [info] Got 1 sessions for user:email...
2025-07-22 13:15:24.157 [info] Getting sessions for all scopes...
2025-07-22 13:15:24.157 [info] Got 1 sessions for ...
2025-07-22 13:15:24.220 [info] Getting sessions for all scopes...
2025-07-22 13:15:24.220 [info] Got 1 sessions for ...
2025-07-22 13:15:24.236 [info] Getting sessions for read:user,repo,user:email,workflow...
2025-07-22 13:15:24.236 [info] Got 0 sessions for read:user,repo,user:email,workflow...
2025-07-22 13:15:24.240 [info] Getting sessions for user:email...
2025-07-22 13:15:24.240 [info] Got 1 sessions for user:email...
2025-07-22 13:15:24.243 [info] Getting sessions for read:user,repo,user:email,workflow...
2025-07-22 13:15:24.243 [info] Got 0 sessions for read:user,repo,user:email,workflow...
2025-07-22 13:15:24.252 [info] Getting sessions for all scopes...
2025-07-22 13:15:24.253 [info] Got 1 sessions for ...
2025-07-22 13:15:24.256 [info] Getting sessions for read:user,repo,user:email,workflow...
2025-07-22 13:15:24.256 [info] Got 0 sessions for read:user,repo,user:email,workflow...
2025-07-22 13:15:24.261 [info] Getting sessions for user:email...
2025-07-22 13:15:24.261 [info] Got 1 sessions for user:email...
2025-07-22 13:15:24.480 [info] Getting sessions for all scopes...
2025-07-22 13:15:24.480 [info] Got 1 sessions for ...
2025-07-22 13:15:24.488 [info] Getting sessions for all scopes...
2025-07-22 13:15:24.488 [info] Got 1 sessions for ...
2025-07-22 13:15:24.496 [info] Getting sessions for read:user,repo,user:email,workflow...
2025-07-22 13:15:24.496 [info] Got 0 sessions for read:user,repo,user:email,workflow...
2025-07-22 13:15:24.513 [info] Getting sessions for user:email...
2025-07-22 13:15:24.513 [info] Got 1 sessions for user:email...
2025-07-22 13:15:24.514 [info] Getting sessions for read:user,repo,user:email,workflow...
2025-07-22 13:15:24.514 [info] Got 0 sessions for read:user,repo,user:email,workflow...
2025-07-22 13:15:24.528 [info] Getting sessions for all scopes...
2025-07-22 13:15:24.528 [info] Got 1 sessions for ...
2025-07-22 13:15:24.536 [info] Getting sessions for all scopes...
2025-07-22 13:15:24.536 [info] Got 1 sessions for ...
2025-07-22 13:15:24.536 [info] Getting sessions for all scopes...
2025-07-22 13:15:24.536 [info] Got 1 sessions for ...
2025-07-22 13:15:24.540 [info] Getting sessions for read:user,repo,user:email,workflow...
2025-07-22 13:15:24.540 [info] Got 0 sessions for read:user,repo,user:email,workflow...
2025-07-22 13:15:24.545 [info] Getting sessions for user:email...
2025-07-22 13:15:24.545 [info] Got 1 sessions for user:email...
2025-07-22 13:15:25.560 [info] Getting sessions for all scopes...
2025-07-22 13:15:25.560 [info] Got 1 sessions for ...
2025-07-22 13:15:26.112 [info] Getting sessions for all scopes...
2025-07-22 13:15:26.112 [info] Got 1 sessions for ...
2025-07-22 13:15:26.117 [info] Getting sessions for read:user,repo,user:email,workflow...
2025-07-22 13:15:26.117 [info] Got 0 sessions for read:user,repo,user:email,workflow...
2025-07-22 13:15:26.121 [info] Getting sessions for user:email...
2025-07-22 13:15:26.121 [info] Got 1 sessions for user:email...
